{
  "stats": {
    "suites": 1,
    "tests": 1,
    "passes": 0,
    "pending": 0,
    "failures": 1,
    "start": "2024-09-26T03:40:47.068Z",
    "end": "2024-09-26T03:41:17.321Z",
    "duration": 30253,
    "testsRegistered": 1,
    "passPercent": 0,
    "pendingPercent": 0,
    "other": 0,
    "hasOther": false,
    "skipped": 0,
    "hasSkipped": false
  },
  "results": [
    {
      "uuid": "47dc4dd4-e8df-4bec-a771-ed2993cd36b3",
      "title": "",
      "fullFile": "cypress/e2e/apitest.cy.js",
      "file": "cypress/e2e/apitest.cy.js",
      "beforeHooks": [],
      "afterHooks": [],
      "tests": [],
      "suites": [
        {
          "uuid": "54d710e0-e0a8-4050-916c-95935dc318db",
          "title": "API Test for Get Started Form",
          "fullFile": "",
          "file": "",
          "beforeHooks": [],
          "afterHooks": [],
          "tests": [
            {
              "title": "should successfully submit the form via API",
              "fullTitle": "API Test for Get Started Form should successfully submit the form via API",
              "timedOut": null,
              "duration": 29887,
              "state": "failed",
              "speed": null,
              "pass": false,
              "fail": true,
              "pending": false,
              "context": "{\n  \"title\": \"cypress-mochawesome-reporter-screenshots\",\n  \"value\": [\n    [\n      \"/apitest.cy.js/API Test for Get Started Form -- should successfully submit the form via API (failed).png\"\n    ]\n  ]\n}",
              "code": "// Define the payload for the form with the specific details\nconst formData = {\n  name: 'Newton Raj Kaphle',\n  phone: '1234567890',\n  // Example phone number, change as needed\n  company: 'SandConsole Pvt Ltd',\n  email: 'newton@sandconsole.com',\n  message: 'Hello everyone'\n};\n// Make an API request to the form submission endpoint\ncy.request({\n  method: 'POST',\n  url: 'https://sandconsole.com',\n  // Replace with the actual form submission API URL\n  body: formData,\n  headers: {\n    'Content-Type': 'application/json'\n  }\n}).then(response => {\n  // Validate the response\n  expect(response.status).to.eq(200); // Check that the response status is 200 (success)\n  expect(response.body).to.have.property('success', true); // Check if success flag is true\n});",
              "err": {
                "message": "AssertionError: expected '<!DOCTYPE html><html lang=\"en\"><head><meta charSet=\"utf-8\"/><meta name=\"viewport\" content=\"width=device-width, initial-scale=1\"/><link rel=\"preload\" as=\"image\" imageSrcSet=\"/_next/image?url=%2F_next%2Fstatic%2Fmedia%2F404-hero-bg.0fd85bff.png&amp;w=1920&amp;q=75 1x, /_next/image?url=%2F_next%2Fstatic%2Fmedia%2F404-hero-bg.0fd85bff.png&amp;w=3840&amp;q=75 2x\" fetchPriority=\"high\"/><link rel=\"preload\" as=\"image\" imageSrcSet=\"/_next/image?url=%2F_next%2Fstatic%2Fmedia%2FNoInternet-image.64641138.svg&amp;w=750&amp;q=75 1x, /_next/image?url=%2F_next%2Fstatic%2Fmedia%2FNoInternet-image.64641138.svg&amp;w=1920&amp;q=75 2x\" fetchPriority=\"high\"/><link rel=\"preload\" as=\"image\" href=\"/images/sandconsole-logo-blue.svg\"/><link rel=\"preload\" as=\"image\" href=\"/icons/dial.svg\"/><link rel=\"preload\" as=\"image\" href=\"/images/sandconsole-logo-white.svg\"/><link rel=\"preload\" as=\"image\" href=\"/icons/close.svg\"/><link rel=\"preload\" as=\"image\" imageSrcSet=\"/_next/image?url=%2F_next%2Fstatic%2Fmedia%2Fgrouped-hero-images.2c5eb347.webp&amp;w=3840&amp;q=75 1x\" fetchPriority=\"high\"/><link rel=\"preload\" as=\"image\" href=\"/icons/check.svg\"/><link rel=\"preload\" as=\"image\" href=\"/images/our-mission.webp\"/><link rel=\"preload\" as=\"image\" href=\"/icons/right-arrow-icon.svg\"/><link rel=\"stylesheet\" href=\"/_next/static/css/9f8bf2b6d3080f7a.css\" data-precedence=\"next\"/><link rel=\"stylesheet\" href=\"/_next/static/css/7030bfc232391780.css\" data-precedence=\"next\"/><link rel=\"stylesheet\" href=\"/_next/static/css/ea8345fbbb84e9a9.css\" data-precedence=\"next\"/><link rel=\"preload\" as=\"script\" fetchPriority=\"low\" href=\"/_next/static/chunks/webpack-279946f22abecf03.js\"/><script src=\"/_next/static/chunks/fd9d1056-5b46b678b2eb035f.js\" async=\"\"></script><script src=\"/_next/static/chunks/23-c014b036427f677a.js\" async=\"\"></script><script src=\"/_next/static/chunks/main-app-ba3ad2088de7421b.js\" async=\"\"></script><script src=\"/_next/static/chunks/c857e369-21a5127650ff5840.js\" async=\"\"></script><script src=\"/_next/static/chunks/231-8604d590a9181a67.js\" async=\"\"></script><script src=\"/_next/static/chunks/126-44d6970558e5390d.js\" async=\"\"></script><script src=\"/_next/static/chunks/173-50346524211d977e.js\" async=\"\"></script><script src=\"/_next/static/chunks/230-e0d87e92f69e81f4.js\" async=\"\"></script><script src=\"/_next/static/chunks/682-08a031f2454c52e3.js\" async=\"\"></script><script src=\"/_next/static/chunks/704-0caa6e742d0e036f.js\" async=\"\"></script><script src=\"/_next/static/chunks/app/page-55654388bef27266.js\" async=\"\"></script><script src=\"/_next/static/chunks/app/layout-6e2b1aa15ee38943.js\" async=\"\"></script><script src=\"/_next/static/chunks/app/error-3b11d721cfeef486.js\" async=\"\"></script><script src=\"/_next/static/chunks/app/not-found-e18fb1e789e14e35.js\" async=\"\"></script><link rel=\"preload\" as=\"image\" href=\"/icons/twitter.svg\"/><link rel=\"preload\" as=\"image\" href=\"/icons/instagram.svg\"/><link rel=\"preload\" as=\"image\" href=\"/icons/linkedin.svg\"/><link rel=\"preload\" as=\"image\" href=\"/icons/arrow-up.svg\"/><title>Sand Console | Homepage</title><meta name=\"description\" content=\"Sand Console creates innovative software that simplifies complex tasks and boosts productivity for developers, business leaders, and professionals.\"/><meta name=\"application-name\" content=\"Sand Console\"/><link rel=\"author\" href=\"https://sandconsole.com/about-us\"/><meta name=\"author\" content=\"Sand Console Team\"/><meta name=\"keywords\" content=\"Software Development,PiQSuite,piqsuite,web development,mobile development,trading\"/><meta name=\"creator\" content=\"Sand Console Team\"/><meta name=\"publisher\" content=\"Sand Console\"/><meta name=\"robots\" content=\"index, follow\"/><meta property=\"og:title\" content=\"Sand Console | Homepage\"/><meta property=\"og:description\" content=\"Sand Console creates innovative software that simplifies complex tasks and boosts productivity for developers, business leaders, and professionals.\"/><meta property=\"og:url\" content=\"https://sandconsole.com\"/><meta property=\"og:image\" content=\"https://sandconsole.com/icons/wood-mark-logo.jpg\"/><meta property=\"og:type\" content=\"website\"/><meta name=\"twitter:card\" content=\"summary_large_image\"/><meta name=\"twitter:site\" content=\"https://sandconsole.com\"/><meta name=\"twitter:title\" content=\"Sand Console | Homepage\"/><meta name=\"twitter:description\" content=\"Sand Console creates innovative software that simplifies complex tasks and boosts productivity for developers, business leaders, and professionals.\"/><meta name=\"twitter:image\" content=\"https://sandconsole.com/icons/wood-mark-logo.jpg\"/><link rel=\"icon\" href=\"/favicon.ico\" type=\"image/x-icon\" sizes=\"16x23\"/><meta name=\"next-size-adjust\"/><script src=\"/_next/static/chunks/polyfills-78c92fac7aa8fdd8.js\" noModule=\"\"></script></head><body class=\"__className_dddaac antialiased flex flex-col min-h-screen\"><div class=\"fixed bg-black inset-0 z-50 overflow-y-auto h-screen w-full  hidden -z-10\"><div><div class=\" relative md:mb-3 mb-0  bg-darkBlue\"><div class=\"bg-darkBlue md:pb-16  pt-10 md:h-[500px] grid place-content-center relative overflow-hidden\"><img alt=\"404 Hero Background\" fetchPriority=\"high\" width=\"1920\" height=\"832\" decoding=\"async\" data-nimg=\"1\" class=\"opacity-30 absolute inset-0 w-ful h-full\" style=\"color:transparent\" srcSet=\"/_next/image?url=%2F_next%2Fstatic%2Fmedia%2F404-hero-bg.0fd85bff.png&amp;w=1920&amp;q=75 1x, /_next/image?url=%2F_next%2Fstatic%2Fmedia%2F404-hero-bg.0fd85bff.png&amp;w=3840&amp;q=75 2x\" src=\"/_next/image?url=%2F_next%2Fstatic%2Fmedia%2F404-hero-bg.0fd85bff.png&amp;w=3840&amp;q=75\"/><div><div class=\"flex flex-col items-center md:mb-4 px-8 relative justify-center \"><img alt=\"404\" fetchPriority=\"high\" width=\"647\" height=\"331\" decoding=\"async\" data-nimg=\"1\" class=\"md:scale-75 \" style=\"color:transparent\" srcSet=\"/_next/image?url=%2F_next%2Fstatic%2Fmedia%2FNoInternet-image.64641138.svg&amp;w=750&amp;q=75 1x, /_next/image?url=%2F_next%2Fstatic%2Fmedia%2FNoInternet-image.64641138.svg&amp;w=1920&amp;q=75 2x\" src=\"/_next/image?url=%2F_next%2Fstatic%2Fmedia%2FNoInternet-image.64641138.svg&amp;w=1920&amp;q=75\"/></div></div><section class=\"blurBg md:block hidden bg-skyBlue blur-2xl  h-28 max-w-3xl w-full mx-auto left-0 right-0 absolute top-0 opacity-20\"></section><section class=\"blurBg md:block hidden bg-sky-500 blur-2xl  h-28 max-w-4xl -translate-x-14 w-full mx-auto left-0 right-0 absolute bottom-0 opacity-70\"></section></div><div class=\"w-full  left-0 right-0  justify-center flex  md:absolute   md:-bottom-40\"><div class=\"max-w-3xl w-full md:shadow-xl  mx-4  flex justify-center items-center flex-col rounded-xl  bg-white px-7 py-12\"><h1 class=\"font-bold md:text-5xl text-3xl  text-center  text-darkBlue\">Opps! No Internet</h1><p class=\"text-center text-base font-normal md:px-24 mt-8 text-LightDark\">Slow or No internet connections. Please check your internet settings.</p><button class=\"bg-primaryBlue font-medium w-fit  mt-8 mb-5  text-white rounded-full px-6 py-4\">Try Again</button></div></div></div><div class=\"h-48 md:block hidden w-full bg-white\"></div></div></div><section id=\"header\"><div id=\"header-container\"><div class=\"hidden md:block\"><div class=\"flex h-2.5\"><div class=\"bg-primaryBlue w-1/4\"></div><div class=\"bg-primaryYellow w-1/4\"></div><div class=\"bg-primaryRed w-1/4\"></div><div class=\"bg-primaryGreen w-1/4\"></div></div></div><div class=\"bg-white\"><div class=\"flex justify-between items-center mx-5 md:mx-10 lg:mx-20 3xl:max-w-[1700px] 3xl:mx-auto\"><div class=\"w-[8.25rem] py-7\"><a href=\"/\"><img alt=\"logo\" src=\"/images/sandconsole-logo-blue.svg\" class=\"w-20 md:w-[8.25rem]\"/></a></div><div class=\"hidden lg:block h-[126px]\"><nav class=\"text-darkBlue flex xl:gap-6 pt-12 lg:text-sm xl:text-lg h-full\"><a class=\"h-full px-2 border-primaryBlue border-b-4\" href=\"/\">Home</a><a class=\"h-full px-2 border-primaryBlue \" href=\"/about-us\">About Us</a><a class=\"h-full px-2 border-primaryBlue \" href=\"/services\">Services</a><a class=\"h-full px-2 border-primaryBlue \" href=\"/portfolio\">Portfolio</a><a class=\"h-full px-2 border-primaryBlue \" href=\"/blogs\">Blogs</a><a class=\"h-full px-2 border-primaryBlue \" href=\"/career\">Career</a></nav></div><div class=\"hidden md:flex font-semibold lg:text-sm xl:text-base text-darkBlue gap-2 py-7\"><img alt=\"dial icon\" src=\"/icons/dial.svg\" class=\"w-4 h-5\"/>CALL US:<a href=\"tel:9808853237\" target=\"_blank\">+977 9808853237</a></div><div class=\" hidden md:block py-7\"><div class=\"bg-primaryBlue h-[4.375rem] rounded inline-block\"><a href=\"/contact-us\"><button class=\"border border-darkBlue md:text-[0.875rem] md:leading-[1.063rem] xl:text-[1rem] xl:leading-[4rem] bg-white h-[4.063rem] rounded  px-5 sm:px-11 font-bold hover:mt-[5px] transition-all duration-300 whitespace-nowrap\">GET STARTED</button></a></div></div><button class=\"lg:hidden\"><svg width=\"21\" height=\"16\" viewBox=\"0 0 21 16\" xmlns=\"http://www.w3.org/2000/svg\" class=\"stroke-darkBlue\"><path d=\"M1.16699 14.6668H19.8337M1.16699 8.00016H19.8337M1.16699 1.3335H19.8337\" stroke-width=\"2\" stroke-linecap=\"round\" stroke-linejoin=\"round\"></path></svg></button></div></div></div><div><div id=\"EZDrawerpdvsd\" class=\"EZDrawer\"><input type=\"checkbox\" id=\"EZDrawer__checkboxpdvsd\" class=\"EZDrawer__checkbox\"/><nav role=\"navigation\" id=\"EZDrawer__containerpdvsd\" style=\"z-index:101;transition-duration:500ms;top:0;left:0;transform:translate3d(-100%, 0, 0);width:100vw;height:100vh\" class=\"EZDrawer__container undefined\"><div class=\"bg-[#132038] text-white h-screen p-5\"><div class=\"flex justify-between\"><div><img src=\"/images/sandconsole-logo-white.svg\" alt=\"logo\" class=\"w-20\"/></div><div><button><img src=\"/icons/close.svg\" alt=\"close icon\"/></button></div></div><div class=\"mt-7\"><div class=\"text-[1.125rem] py-4 text-center bg-[#02B2ED33]\"><a href=\"/\">Home</a></div><hr class=\"border-t-[#607882]\"/><div class=\"text-[1.125rem] py-4 text-center \"><a href=\"/about-us\">About Us</a></div><hr class=\"border-t-[#607882]\"/><div class=\"text-[1.125rem] py-4 text-center \"><a href=\"/services\">Services</a></div><hr class=\"border-t-[#607882]\"/><div class=\"text-[1.125rem] py-4 text-center \"><a href=\"/portfolio\">Portfolio</a></div><hr class=\"border-t-[#607882]\"/><div class=\"text-[1.125rem] py-4 text-center \"><a href=\"/blogs\">Blogs</a></div><hr class=\"border-t-[#607882]\"/><div class=\"text-[1.125rem] py-4 text-center \"><a href=\"/career\">Career</a></div><hr class=\"border-t-[#607882]\"/></div><div class=\"flex justify-center font-semibold gap-2 py-7\"><img alt=\"dial icon\" src=\"/icons/dial.svg\" class=\"w-4 h-5\"/>CALL US:<a href=\"tel:+977 9808853237\">+977 9808853237</a></div><div class=\"text-darkBlue text-center\"><div class=\"bg-primaryBlue h-[4.375rem] rounded md:inline-block md:w-1/2\"><a href=\"/contact-us\"><button class=\"border border-darkBlue md:text-[0.875rem] md:leading-[1.063rem] xl:text-[1rem] xl:leading-[4rem] bg-white h-[4.063rem] rounded w-full px-5 sm:px-11 font-bold hover:mt-[5px] transition-all duration-300\">GET STARTED</button></a></div></div></div></nav><label for=\"EZDrawer__checkboxpdvsd\" id=\"EZDrawer__overlaypdvsd\" class=\"EZDrawer__overlay \" style=\"background-color:#000;opacity:0.4;z-index:100\"></label></div></div></section><section id=\"container\"><div class=\"bg-cover bg-[url(/images/hero-bg.webp)]\"><div class=\"relative pt-10 flex flex-col-reverse gap-5 md:flex-row md:gap-0 items-center pl-5 pr-5 sm:pl-7 sm:pr-5 md:pl-10 md:pr-0 lg:pl-20 2xl:max-w-[1440px] 2xl:mx-auto \"><div class=\"text-left md:w-[55%] lg:w-[57%] xl:w-[59%] 3xl:pt-20 z-[100]\"><div class=\"text-3xl md:text-4xl lg:text-5xl xl:text-[4.375rem] xl:leading-[5rem] font-bold mb-4 \"><span class=\"bg-[url(/icons/loop-yellow.svg)] bg-contain bg-no-repeat\">Allow us t</span>o handle your project from inception to completion</div><p class=\"text-base md:text-lg lg:text-xl md:w-[90%]\">Experience your brand&#x27;s digital evolution with our comprehensive services, from initial concept to perpetual growth.</p><div class=\"mt-16\"><div class=\"bg-primaryYellow h-[4.375rem] rounded inline-block\"><a href=\"/contact-us\"><button class=\"border border-darkBlue md:text-[0.875rem] md:leading-[1.063rem] xl:text-[1rem] xl:leading-[4rem] bg-white h-[4.063rem] rounded  px-5 sm:px-11 font-bold hover:mt-[5px] transition-all duration-300 whitespace-nowrap\">FREE CONSULTATION</button></a></div></div></div><div class=\"md:absolute md:top-12 xl:top-16 md:right-0 xl:right-10 3xl:right-[-12%] \"><img alt=\"Hero\" fetchPriority=\"high\" width=\"2596\" height=\"1547\" decoding=\"async\" data-nimg=\"1\" class=\"ml-auto md:w-[50%] xl:w-[36.824rem] 3xl:w-[53.388rem]\" style=\"color:transparent\" srcSet=\"/_next/image?url=%2F_next%2Fstatic%2Fmedia%2Fgrouped-hero-images.2c5eb347.webp&amp;w=3840&amp;q=75 1x\" src=\"/_next/image?url=%2F_next%2Fstatic%2Fmedia%2Fgrouped-hero-images.2c5eb347.webp&amp;w=3840&amp;q=75\"/></div></div><div class=\"pt-10 lg:pt-28 xl:pt-10 3xl:pt-40 px-5 lg:px-10 2xl:max-w-[1490px] 2xl:mx-auto \"><div class=\"md:flex md:gap-1\"><div class=\"group flex md:w-1/3 py-5 pl-10 pr-4 bg-white border border-b-[5px] border-b-primaryBlue hover:bg-primaryBlue duration-300\"><div class=\"w-[95%] pt-2 \"><div class=\"text-2xl lg:text-[1.8rem] font-semibold group-hover:text-white\">Custom Software</div><div class=\"lg:text-base mt-3 text-neutral group-hover:text-white\">Tailored Software Solutions for Unique Business Needs</div></div><div class=\"w-[5%]\"><svg class=\"ml-auto fill-darkBlue group-hover:fill-white group-hover:rotate-[42deg] duration-300\" width=\"22\" height=\"21\" viewBox=\"0 0 22 21\" fill=\"none\" xmlns=\"http://www.w3.org/2000/svg\"><path d=\"M21.8624 2.04916C21.8896 1.49754 21.4644 1.02836 20.9128 1.00121L11.9237 0.558769C11.3721 0.531619 10.9029 0.956783 10.8757 1.5084C10.8486 2.06002 11.2737 2.5292 11.8253 2.55635L19.8157 2.94963L19.4224 10.94C19.3952 11.4916 19.8204 11.9608 20.372 11.9879C20.9236 12.0151 21.3928 11.5899 21.42 11.0383L21.8624 2.04916ZM1.67149 20.741L21.5351 2.74101L20.1921 1.25899L0.328509 19.259L1.67149 20.741Z\"></path></svg></div></div><div class=\"group flex md:w-1/3 py-5 pl-10 pr-4 bg-white border border-b-[5px] border-b-primaryYellow hover:bg-primaryYellow duration-300\"><div class=\"w-[95%] pt-2 \"><div class=\"text-2xl lg:text-[1.8rem] font-semibold group-hover:text-white\">Human-Centered Design</div><div class=\"lg:text-base mt-3 text-neutral group-hover:text-white\">Designing with People in Mind, Creating Exceptional Experiences</div></div><div class=\"w-[5%] \"><svg class=\"ml-auto fill-darkBlue group-hover:fill-white group-hover:rotate-[42deg] duration-300\" width=\"22\" height=\"21\" viewBox=\"0 0 22 21\" fill=\"none\" xmlns=\"http://www.w3.org/2000/svg\"><path d=\"M21.8624 2.04916C21.8896 1.49754 21.4644 1.02836 20.9128 1.00121L11.9237 0.558769C11.3721 0.531619 10.9029 0.956783 10.8757 1.5084C10.8486 2.06002 11.2737 2.5292 11.8253 2.55635L19.8157 2.94963L19.4224 10.94C19.3952 11.4916 19.8204 11.9608 20.372 11.9879C20.9236 12.0151 21.3928 11.5899 21.42 11.0383L21.8624 2.04916ZM1.67149 20.741L21.5351 2.74101L20.1921 1.25899L0.328509 19.259L1.67149 20.741Z\"></path></svg></div></div><div class=\"group flex gap-2 md:w-1/3 py-5 pl-10 pr-4 bg-white border border-b-[5px] border-b-primaryRed hover:bg-primaryRed duration-300\"><div class=\"w-[95%] pt-2 \"><div class=\"text-2xl lg:text-[1.8rem] font-semibold group-hover:text-white\">Secure Enterprise Integration</div><div class=\"lg:text-base mt-3 text-neutral group-hover:text-white\">Seamlessly Connecting Systems with Robust Security</div></div><div><svg class=\"ml-auto fill-darkBlue group-hover:fill-white group-hover:rotate-[42deg] duration-300\" width=\"22\" height=\"21\" viewBox=\"0 0 22 21\" fill=\"none\" xmlns=\"http://www.w3.org/2000/svg\"><path d=\"M21.8624 2.04916C21.8896 1.49754 21.4644 1.02836 20.9128 1.00121L11.9237 0.558769C11.3721 0.531619 10.9029 0.956783 10.8757 1.5084C10.8486 2.06002 11.2737 2.5292 11.8253 2.55635L19.8157 2.94963L19.4224 10.94C19.3952 11.4916 19.8204 11.9608 20.372 11.9879C20.9236 12.0151 21.3928 11.5899 21.42 11.0383L21.8624 2.04916ZM1.67149 20.741L21.5351 2.74101L20.1921 1.25899L0.328509 19.259L1.67149 20.741Z\"></path></svg></div></div></div></div></div><div class=\"bg-darkBlue text-white pb-[18.5rem]\"><div class=\"relative px-5 sm:px-7 md:px-10 lg:px-14 xl:px-20 2xl:max-w-[1440px] 2xl:mx-auto\"><div class=\"flex flex-col-reverse md:flex-row items-center xl:pl-16 py-10 md:py-20 lg:py-24 xl:py-32 gap-14\"><div class=\"md:w-1/2\"><div><img src=\"/images/30.svg\" alt=\"number\" loading=\"lazy\"/></div></div><div class=\"md:w-1/2\"><div class=\"flex items-center gap-2 text-primaryYellow text-base font-bold\"><svg width=\"12\" height=\"13\" viewBox=\"0 0 12 13\" fill=\"none\" xmlns=\"http://www.w3.org/2000/svg\"><circle cx=\"6\" cy=\"6.5\" r=\"6\" fill=\"#FCAF3D\"></circle></svg>About us</div><div class=\"text-4xl xl:text-[3.438rem] xl:leading-[3.625rem] font-semibold mt-5\">Years of combined ex<span class=\"bg-[url(/icons/loop-blue.svg)] bg-no-repeat bg-contain bg-center bg-origin-border\">perienc</span>e in this business field</div><div class=\"mt-9 text-base text-[#D6D6D6]\">Sand Console is one of the innovative and fastest growing software<!-- --> <br/>company based in Kathmandu, Nepal with a bunch of dedicated expertise. <br/> Our company provides best possible IT solutions to our clients that <br/> empower their business needs.</div></div></div><div class=\"absolute left-0 md:left-auto md:w-[90%] xl:max-w-[1280px]\"><div class=\"hidden md:block bg-white text-darkBlue px-5 md:px-10 lg:px-20 xl:px-[6.25rem] pb-20 shadow-[0_35px_60px_-15px_rgba(0,0,0,0.05)] \"><div class=\"react-tabs\" data-rttabs=\"true\"><ul class=\"react-tabs__tab-list\" role=\"tablist\"><li class=\"react-tabs__tab react-tabs__tab--selected\" role=\"tab\" id=\"tab:Rcafjja:0\" aria-selected=\"true\" aria-disabled=\"false\" aria-controls=\"panel:Rcafjja:0\" tabindex=\"0\" data-rttab=\"true\">Our Mission</li><li class=\"react-tabs__tab\" role=\"tab\" id=\"tab:Rcafjja:1\" aria-selected=\"false\" aria-disabled=\"false\" aria-controls=\"panel:Rcafjja:1\" data-rttab=\"true\">Our Vision</li><li class=\"react-tabs__tab\" role=\"tab\" id=\"tab:Rcafjja:2\" aria-selected=\"false\" aria-disabled=\"false\" aria-controls=\"panel:Rcafjja:2\" data-rttab=\"true\">Our History</li><li class=\"react-tabs__tab\" role=\"tab\" id=\"tab:Rcafjja:3\" aria-selected=\"false\" aria-disabled=\"false\" aria-controls=\"panel:Rcafjja:3\" data-rttab=\"true\">Our Goal</li></ul><div class=\"react-tabs__tab-panel react-tabs__tab-panel--selected\" role=\"tabpanel\" id=\"panel:Rcafjja:0\" aria-labelledby=\"tab:Rcafjja:0\"><div class=\"md:grid md:grid-cols-2 gap-10 mt-10 lg:mt-20\"><div><div class=\"text-2xl md:text-3xl lg:text-4xl xl:text-[2.75rem] xl:leading-[3.3rem] font-semibold\"><span class=\"bg-[url(/icons/loop-yellow.svg)] bg-no-repeat bg-contain bg-center\">Empowering<!-- --> </span>Digital Innovation for Lasting Success</div><div class=\"mt-5 text-neutral lg:text-base\">Create innovative solutions that drive success for our clients, enhancing their digital presence and fostering sustainable growth.</div><div class=\"mt-5\"><div class=\"flex gap-3 text-base font-medium mt-5\"><div class=\"bg-primaryBlue w-6 h-6 rounded-full\"><img alt=\"check\" src=\"/icons/check.svg\" width=\"10\" class=\"mx-auto pt-[30%]\"/></div>We are Award-Winning Innovators.</div><div class=\"flex gap-3 text-base font-medium mt-5\"><div class=\"bg-primaryBlue w-6 h-6 rounded-full\"><img alt=\"check\" src=\"/icons/check.svg\" width=\"10\" class=\"mx-auto pt-[30%]\"/></div>We Drive Sustainable Growth.</div></div></div><div class=\"hidden md:block items-center justify-center\"><img alt=\"our mission-image\" src=\"/images/our-mission.webp\" class=\"mx-auto w-[350px] h-[350px] object-contain\"/></div></div></div><div class=\"react-tabs__tab-panel\" role=\"tabpanel\" id=\"panel:Rcafjja:1\" aria-labelledby=\"tab:Rcafjja:1\"></div><div class=\"react-tabs__tab-panel\" role=\"tabpanel\" id=\"panel:Rcafjja:2\" aria-labelledby=\"tab:Rcafjja:2\"></div><div class=\"react-tabs__tab-panel\" role=\"tabpanel\" id=\"panel:Rcafjja:3\" aria-labelledby=\"tab:Rcafjja:3\"></div></div></div><div class=\"md:hidden bg-white text-darkBlue shadow-[0_35px_60px_-15px_rgba(0,0,0,0.05)]\"><div data-accordion-component=\"Accordion\" class=\"accordion\"><div data-accordion-component=\"AccordionItem\" class=\"accordion__item\"><div data-accordion-component=\"AccordionItemHeading\" role=\"heading\" class=\"accordion__heading\" aria-level=\"3\"><div class=\"accordion__button accordion__button--active\" id=\"accordion__heading-1\" aria-disabled=\"true\" aria-expanded=\"true\" aria-controls=\"accordion__panel-1\" role=\"button\" tabindex=\"0\" data-accordion-component=\"AccordionItemButton\">Our Mission</div></div><div data-accordion-component=\"AccordionItemPanel\" class=\"accordion__panel\" id=\"accordion__panel-1\"><div class=\"gap-10 mt-5 p-5\"><div class=\"text-2xl font-semibold\"><span class=\"bg-[url(/icons/loop-yellow.svg)] bg-no-repeat bg-contain bg-center\">Empowering<!-- --> </span>Digital Innovation for Lasting Success</div><div class=\"mt-5 text-neutral\">Create innovative solutions that drive success for our clients, enhancing their digital presence and fostering sustainable growth.</div><div class=\"mt-5\"><div class=\"flex gap-3 text-base font-medium mt-5\"><div class=\"bg-primaryBlue w-6 h-6 rounded-full\"><img alt=\"check\" src=\"/icons/check.svg\" width=\"10\" height=\"10\" class=\"mx-auto pt-[30%]\"/></div>We are Award-Winning Innovators.</div><div class=\"flex gap-3 text-base font-medium mt-5\"><div class=\"bg-primaryBlue w-6 h-6 rounded-full\"><img alt=\"check\" src=\"/icons/check.svg\" width=\"10\" height=\"10\" class=\"mx-auto pt-[30%]\"/></div>We Drive Sustainable Growth.</div></div></div></div></div><div data-accordion-component=\"AccordionItem\" class=\"accordion__item\"><div data-accordion-component=\"AccordionItemHeading\" role=\"heading\" class=\"accordion__heading\" aria-level=\"3\"><div class=\"accordion__button \" id=\"accordion__heading-2\" aria-disabled=\"false\" aria-expanded=\"false\" aria-controls=\"accordion__panel-2\" role=\"button\" tabindex=\"0\" data-accordion-component=\"AccordionItemButton\">Our Vision</div></div><div data-accordion-component=\"AccordionItemPanel\" class=\"accordion__panel\" id=\"accordion__panel-2\" hidden=\"\"><div class=\"gap-10 mt-5 p-5\"><div class=\"text-2xl font-semibold\"><span class=\"bg-[url(/icons/loop-yellow.svg)] bg-no-repeat bg-contain bg-center\">Leading<!-- --> </span>the Future of Digital Transformation</div><div class=\"mt-5 text-neutral\">We envision a world where businesses thrive through cutting-edge digital strategies, setting new standards for excellence and innovation in the industry.</div><div class=\"mt-5\"><div class=\"flex gap-3 text-base font-medium mt-5\"><div class=\"bg-primaryBlue w-6 h-6 rounded-full\"><img alt=\"check\" src=\"/icons/check.svg\" width=\"10\" height=\"10\" class=\"mx-auto pt-[30%]\"/></div>We Drive Industry Standards.</div><div class=\"flex gap-3 text-base font-medium mt-5\"><div class=\"bg-primaryBlue w-6 h-6 rounded-full\"><img alt=\"check\" src=\"/icons/check.svg\" width=\"10\" height=\"10\" class=\"mx-auto pt-[30%]\"/></div>We Foster Business Growth.</div></div></div></div></div><div data-accordion-component=\"AccordionItem\" class=\"accordion__item\"><div data-accordion-component=\"AccordionItemHeading\" role=\"heading\" class=\"accordion__heading\" aria-level=\"3\"><div class=\"accordion__button \" id=\"accordion__heading-3\" aria-disabled=\"false\" aria-expanded=\"false\" aria-controls=\"accordion__panel-3\" role=\"button\" tabindex=\"0\" data-accordion-component=\"AccordionItemButton\">Our History</div></div><div data-accordion-component=\"AccordionItemPanel\" class=\"accordion__panel\" id=\"accordion__panel-3\" hidden=\"\"><div class=\"gap-10 mt-5 p-5\"><div class=\"text-2xl font-semibold\"><span class=\"bg-[url(/icons/loop-yellow.svg)] bg-no-repeat bg-contain bg-center\">From<!-- --> </span>Startup to Industry Leader: Our Journey of Innovation</div><div class=\"mt-5 text-neutral\">Founded in 2021, our company has grown from a small startup to a provider of digital solutions, consistently expanding our expertise and capabilities to better serve our clients.</div><div class=\"mt-5\"><div class=\"flex gap-3 text-base font-medium mt-5\"><div class=\"bg-primaryBlue w-6 h-6 rounded-full\"><img alt=\"check\" src=\"/icons/check.svg\" width=\"10\" height=\"10\" class=\"mx-auto pt-[30%]\"/></div>We Evolve Continuously.</div><div class=\"flex gap-3 text-base font-medium mt-5\"><div class=\"bg-primaryBlue w-6 h-6 rounded-full\"><img alt=\"check\" src=\"/icons/check.svg\" width=\"10\" height=\"10\" class=\"mx-auto pt-[30%]\"/></div>We Prioritize Client Success.</div></div></div></div></div><div data-accordion-component=\"AccordionItem\" class=\"accordion__item\"><div data-accordion-component=\"AccordionItemHeading\" role=\"heading\" class=\"accordion__heading\" aria-level=\"3\"><div class=\"accordion__button \" id=\"accordion__heading-4\" aria-disabled=\"false\" aria-expanded=\"false\" aria-controls=\"accordion__panel-4\" role=\"button\" tabindex=\"0\" data-accordion-component=\"AccordionItemButton\">Our Goal</div></div><div data-accordion-component=\"AccordionItemPanel\" class=\"accordion__panel\" id=\"accordion__panel-4\" hidden=\"\"><div class=\"gap-10 mt-5 p-5\"><div class=\"text-2xl font-semibold\"><span class=\"bg-[url(/icons/loop-yellow.svg)] bg-no-repeat bg-contain bg-center\">Driving<!-- --> </span>Sustainable Growth with Digital Solutions</div><div class=\"mt-5 text-neutral\">Our goal is to be the most trusted partner in digital transformation, continually pushing the boundaries of what&#x27;s possible to deliver outstanding results for our clients.</div><div class=\"mt-5\"><div class=\"flex gap-3 text-base font-medium mt-5\"><div class=\"bg-primaryBlue w-6 h-6 rounded-full\"><img alt=\"check\" src=\"/icons/check.svg\" width=\"10\" height=\"10\" class=\"mx-auto pt-[30%]\"/></div>We Build Trust.</div><div class=\"flex gap-3 text-base font-medium mt-5\"><div class=\"bg-primaryBlue w-6 h-6 rounded-full\"><img alt=\"check\" src=\"/icons/check.svg\" width=\"10\" height=\"10\" class=\"mx-auto pt-[30%]\"/></div>We strive to Achieve Excellence.</div></div></div></div></div></div></div></div></div></div><div class=\"bg-[url(/images/hero-bg.webp)] bg-center bg-cover bg-no-repeat pt-96 md:pt-80 pb-20\"><div class=\"px-5 lg:px-10 xl:px-28 2xl:max-w-[1440px] 2xl:mx-auto\"><div class=\"flex flex-wrap sm:flex-nowrap gap-y-10 justify-between items-center\"></div></div></div><div class=\"bg-bgLight \"><div class=\"py-12 px-5 md:px-14 2xl:max-w-[1490px] 2xl:mx-auto \"><div class=\"flex flex-col sm:flex-row justify-between sm:items-center md:px-10\"><div><div class=\"flex items-center gap-2 text-primaryYellow text-base font-bold\"><svg width=\"12\" height=\"13\" viewBox=\"0 0 12 13\" fill=\"none\" xmlns=\"http://www.w3.org/2000/svg\"><circle cx=\"6\" cy=\"6.5\" r=\"6\" fill=\"#FCAF3D\"></circle></svg>Our Services</div><div class=\"text-4xl lg:text-5xl xl:text-[3.438rem] xl:leading-[3.625rem] font-semibold mt-5\">Covering<!-- --> <span class=\"bg-[url(/icons/loop-blue.svg)] bg-contain bg-no-repeat bg-center\">all fields</span></div></div><div class=\"mt-5\"><div class=\"bg-primaryYellow h-[4.375rem] rounded inline-block\"><a href=\"/services\"><button class=\"border border-darkBlue md:text-[0.875rem] md:leading-[1.063rem] xl:text-[1rem] xl:leading-[4rem] bg-white h-[4.063rem] rounded  px-5 sm:px-11 font-bold hover:mt-[5px] transition-all duration-300 whitespace-nowrap\">SEE ALL SERVICES</button></a></div></div></div><div class=\"mt-16\"><div class=\"flex flex-wrap gap-3\"><div class=\"flex flex-wrap gap-3 w-full\"><div class=\"bg-white md:w-[45%] lg:w-[30%] xl:w-[32.5%] px-10 py-11 animate-pulse\"><div class=\"h-12 bg-gray-300\"></div><div class=\"h-6 bg-gray-300 mt-5 w-3/4\"></div><div class=\"h-4 bg-gray-300 mt-4 w-full\"></div><div class=\"h-4 bg-gray-300 mt-2 w-full\"></div><div class=\"h-4 bg-gray-300 mt-2 w-2/3\"></div><div class=\"mt-4 text-base text-primaryBlue font-medium hover:text-primaryRed duration-300 inline-block\"><div class=\"flex items-center gap-2\"><div class=\"h-4 bg-gray-300 w-20\"></div><svg width=\"16\" height=\"16\" viewBox=\"0 0 16 16\" fill=\"none\" xmlns=\"http://www.w3.org/2000/svg\" class=\"stroke-gray-300\"><path d=\"M6 3.33335L10.6667 8.00002L6 12.6667\" stroke-width=\"1.5\" stroke-linecap=\"round\" stroke-linejoin=\"round\"></path></svg></div></div></div><div class=\"bg-white md:w-[45%] lg:w-[30%] xl:w-[32.5%] px-10 py-11 animate-pulse\"><div class=\"h-12 bg-gray-300\"></div><div class=\"h-6 bg-gray-300 mt-5 w-3/4\"></div><div class=\"h-4 bg-gray-300 mt-4 w-full\"></div><div class=\"h-4 bg-gray-300 mt-2 w-full\"></div><div class=\"h-4 bg-gray-300 mt-2 w-2/3\"></div><div class=\"mt-4 text-base text-primaryBlue font-medium hover:text-primaryRed duration-300 inline-block\"><div class=\"flex items-center gap-2\"><div class=\"h-4 bg-gray-300 w-20\"></div><svg width=\"16\" height=\"16\" viewBox=\"0 0 16 16\" fill=\"none\" xmlns=\"http://www.w3.org/2000/svg\" class=\"stroke-gray-300\"><path d=\"M6 3.33335L10.6667 8.00002L6 12.6667\" stroke-width=\"1.5\" stroke-linecap=\"round\" stroke-linejoin=\"round\"></path></svg></div></div></div><div class=\"bg-white md:w-[45%] lg:w-[30%] xl:w-[32.5%] px-10 py-11 animate-pulse\"><div class=\"h-12 bg-gray-300\"></div><div class=\"h-6 bg-gray-300 mt-5 w-3/4\"></div><div class=\"h-4 bg-gray-300 mt-4 w-full\"></div><div class=\"h-4 bg-gray-300 mt-2 w-full\"></div><div class=\"h-4 bg-gray-300 mt-2 w-2/3\"></div><div class=\"mt-4 text-base text-primaryBlue font-medium hover:text-primaryRed duration-300 inline-block\"><div class=\"flex items-center gap-2\"><div class=\"h-4 bg-gray-300 w-20\"></div><svg width=\"16\" height=\"16\" viewBox=\"0 0 16 16\" fill=\"none\" xmlns=\"http://www.w3.org/2000/svg\" class=\"stroke-gray-300\"><path d=\"M6 3.33335L10.6667 8.00002L6 12.6667\" stroke-width=\"1.5\" stroke-linecap=\"round\" stroke-linejoin=\"round\"></path></svg></div></div></div><div class=\"bg-white md:w-[45%] lg:w-[30%] xl:w-[32.5%] px-10 py-11 animate-pulse\"><div class=\"h-12 bg-gray-300\"></div><div class=\"h-6 bg-gray-300 mt-5 w-3/4\"></div><div class=\"h-4 bg-gray-300 mt-4 w-full\"></div><div class=\"h-4 bg-gray-300 mt-2 w-full\"></div><div class=\"h-4 bg-gray-300 mt-2 w-2/3\"></div><div class=\"mt-4 text-base text-primaryBlue font-medium hover:text-primaryRed duration-300 inline-block\"><div class=\"flex items-center gap-2\"><div class=\"h-4 bg-gray-300 w-20\"></div><svg width=\"16\" height=\"16\" viewBox=\"0 0 16 16\" fill=\"none\" xmlns=\"http://www.w3.org/2000/svg\" class=\"stroke-gray-300\"><path d=\"M6 3.33335L10.6667 8.00002L6 12.6667\" stroke-width=\"1.5\" stroke-linecap=\"round\" stroke-linejoin=\"round\"></path></svg></div></div></div><div class=\"bg-white md:w-[45%] lg:w-[30%] xl:w-[32.5%] px-10 py-11 animate-pulse\"><div class=\"h-12 bg-gray-300\"></div><div class=\"h-6 bg-gray-300 mt-5 w-3/4\"></div><div class=\"h-4 bg-gray-300 mt-4 w-full\"></div><div class=\"h-4 bg-gray-300 mt-2 w-full\"></div><div class=\"h-4 bg-gray-300 mt-2 w-2/3\"></div><div class=\"mt-4 text-base text-primaryBlue font-medium hover:text-primaryRed duration-300 inline-block\"><div class=\"flex items-center gap-2\"><div class=\"h-4 bg-gray-300 w-20\"></div><svg width=\"16\" height=\"16\" viewBox=\"0 0 16 16\" fill=\"none\" xmlns=\"http://www.w3.org/2000/svg\" class=\"stroke-gray-300\"><path d=\"M6 3.33335L10.6667 8.00002L6 12.6667\" stroke-width=\"1.5\" stroke-linecap=\"round\" stroke-linejoin=\"round\"></path></svg></div></div></div><div class=\"bg-white md:w-[45%] lg:w-[30%] xl:w-[32.5%] px-10 py-11 animate-pulse\"><div class=\"h-12 bg-gray-300\"></div><div class=\"h-6 bg-gray-300 mt-5 w-3/4\"></div><div class=\"h-4 bg-gray-300 mt-4 w-full\"></div><div class=\"h-4 bg-gray-300 mt-2 w-full\"></div><div class=\"h-4 bg-gray-300 mt-2 w-2/3\"></div><div class=\"mt-4 text-base text-primaryBlue font-medium hover:text-primaryRed duration-300 inline-block\"><div class=\"flex items-center gap-2\"><div class=\"h-4 bg-gray-300 w-20\"></div><svg width=\"16\" height=\"16\" viewBox=\"0 0 16 16\" fill=\"none\" xmlns=\"http://www.w3.org/2000/svg\" class=\"stroke-gray-300\"><path d=\"M6 3.33335L10.6667 8.00002L6 12.6667\" stroke-width=\"1.5\" stroke-linecap=\"round\" stroke-linejoin=\"round\"></path></svg></div></div></div></div></div></div></div></div><div class=\"bg-darkBlue text-white\"><div class=\"px-5 sm:px-7 md:px-10 lg:px-14 xl:px-20 py-7 2xl:max-w-[1440px] 2xl:mx-auto\"><div class=\"text-3xl md:text-4xl lg:text-5xl xl:text-[3.438rem] xl:leading-[3.625rem] font-semibold mt-5 lg:w-2/3 xl:w-1/2\">Get an Projec<span class=\"bg-[url(/icons/loop-yellow.svg)] bg-contain bg-no-repeat bg-center\">t Quote to</span> <!-- -->get started!</div><div class=\"sm:flex sm:justify-between mt-7\"><div class=\"sm:w-[75%]\"><div class=\"text-darkBlue\"><form><div class=\"flex flex-col lg:flex-row gap-6\"><div class=\"sm:w-[88%] lg:w-[43%]\"><input class=\"rounded-[0.625rem] w-full h-[4.063rem] px-4\" placeholder=\"Enter Name\" type=\"text\" name=\"name\" value=\"\"/></div><div class=\"sm:w-[88%] lg:w-[43%]\"><input class=\"rounded-[0.625rem] w-full h-[4.063rem] px-4\" placeholder=\"Enter Phone Number\" type=\"number\" name=\"phoneNumber\" value=\"\"/></div></div><div class=\"mt-6 flex flex-col lg:flex-row gap-6\"><div class=\"sm:w-[88%] lg:w-[43%]\"><input class=\"rounded-[0.625rem] w-full h-[4.063rem] px-4\" placeholder=\"Company Name\" type=\"text\" name=\"companyName\" value=\"\"/></div><div class=\"sm:w-[88%] lg:w-[43%]\"><input class=\"rounded-[0.625rem] w-full h-[4.063rem] px-4\" placeholder=\"Enter Email\" type=\"email\" name=\"email\" value=\"\"/></div></div><div class=\"mt-6\"><textarea class=\"rounded-[0.625rem] w-full sm:w-[88%] h-[10.375rem] px-4 py-6\" placeholder=\"Enter message\" name=\"message\"></textarea></div><div hidden=\"\" class=\"mt-5\" style=\"transform:scale(0.77);-webkit-transform:scale(0.77);transform-origin:0 0;-webkit-transform-origin:0 0\"></div><div class=\"mt-6\"><button class=\"bg-primaryYellow hover:bg-[#D89025] duration-300 text-white text-[0.875rem] leading-[1.5rem] font-bold w-full sm:w-[88%] lg:w-[43%] h-[4.063rem] rounded-[0.625rem]\" type=\"submit\">GET A QUOTE NOW</button></div></form></div></div><div class=\"mt-10 md:mt-4 md:ml-auto sm:w-[14.063rem]\"><div class=\"text-base font-medium\"><div>Phone Call</div><div class=\"text-[#AAA1A1] hover:text-white mt-2\"><a href=\"https://wa.me/9808853237\" target=\"_blank\">+977 9808853237</a></div><hr class=\"my-6\"/><div class=\"mt-6\">Mail:</div><div class=\"mt-2\"><a href=\"/cdn-cgi/l/email-protection\" class=\"__cf_email__\" data-cfemail=\"f69f989099b68597989295999885999a93d895999b\">[email&#160;protected]</a></div><div class=\"mt-6\">Loaction: </div><div class=\"mt-2\"> Kathmandu, Nepal</div></div></div></div></div></div><div class=\"bg-cover bg-center bg-no-repeat bg-[url(/images/hero-bg.webp)]\"><div class=\"px-5 md:px-10 xl:px-20 py-20 2xl:max-w-[1440px] 2xl:mx-auto\"><div class=\"flex md:justify-center items-center gap-2 text-primaryYellow text-base font-bold\"><svg width=\"12\" height=\"13\" viewBox=\"0 0 12 13\" fill=\"none\" xmlns=\"http://www.w3.org/2000/svg\"><circle cx=\"6\" cy=\"6.5\" r=\"6\" fill=\"#FCAF3D\"></circle></svg>How we work</div><div class=\"text-4xl lg:text-5xl xl:text-[3.438rem] xl:leading-[3.625rem] font-semibold mt-5 md:text-center\">We complete every steps c<span class=\"bg-[url(/icons/loop-blue.svg)] bg-no-repeat bg-contain bg-center\">arefully<!-- --> </span><span class=\"text-transparent\">a</span> </div><div class=\"mt-20\"><div class=\"relative flex flex-wrap gap-y-12 text-left\"><div class=\"border border-[#cbced3] sm:w-1/2 md:w-1/3 px-10 py-7 md:rounded-tl-xl\"><div class=\"font-semibold text-sm\">01</div><div class=\"font-semibold text-[1.75rem]\">Understanding Your Vision</div><div class=\"text-base mt-2 opacity-70\">Every project begins with a deep dive into your vision and objectives. We take the time to understand your unique needs, challenges, and goals.</div></div><img alt=\"icon\" src=\"/icons/right-arrow-icon.svg\" class=\"hidden md:block absolute top-[17%] left-[31.25%]\"/><div class=\"border border-[#cbced3] sm:w-1/2 md:w-1/3 px-10 py-7 \"><div class=\"font-semibold text-sm\">02</div><div class=\"font-semibold text-[1.75rem]\">Cloud Transformation</div><div class=\"text-base mt-2 opacity-70\">As cloud consultants, we design cost-efficient, future-proof solutions tailored to your evolving business needs</div></div><img alt=\"icon\" src=\"/icons/right-arrow-icon.svg\" class=\"hidden md:block absolute top-[17%] right-[31.25%]\"/><div class=\"border border-[#cbced3] sm:w-1/2 md:w-1/3 px-10 py-7 md:rounded-tr-xl\"><div class=\"font-semibold text-sm\">03</div><div class=\"font-semibold text-[1.75rem]\">Strategy and Planning</div><div class=\"text-base mt-2 opacity-70\">Our expert team tailors a strategy to align with your long-term goals, establishing clear milestones and timelines.</div></div><div class=\"border border-[#cbced3] sm:w-1/2 md:w-1/3 px-10 py-7 md:rounded-bl-xl\"><div class=\"font-semibold text-sm\">04</div><div class=\"font-semibold text-[1.75rem]\">User-Centric Design</div><div class=\"text-base mt-2 opacity-70\">Exceptional user experiences are key. Our design masters create intuitive UI/UX, prioritizing user needs for satisfaction.</div></div><img alt=\"icon\" src=\"/icons/right-arrow-icon.svg\" class=\"hidden md:block absolute bottom-[17%] left-[31.25%]\"/><div class=\"border border-[#cbced3] sm:w-1/2 md:w-1/3 px-10 py-7 \"><div class=\"font-semibold text-sm\">05</div><div class=\"font-semibold text-[1.75rem]\">Secure Integration</div><div class=\"text-base mt-2 opacity-70\">We prioritize secure and reliable integrations, utilizing modern tools for optimized workflows tailored to your organization.</div></div><img alt=\"icon\" src=\"/icons/right-arrow-icon.svg\" class=\"hidden md:block absolute bottom-[17%] right-[31.25%]\"/><div class=\"border border-[#cbced3] sm:w-1/2 md:w-1/3 px-10 py-7 md:rounded-br-xl\"><div class=\"font-semibold text-sm\">06</div><div class=\"font-semibold text-[1.75rem]\">Ongoing Support</div><div class=\"text-base mt-2 opacity-70\">Our commitment doesn&#x27;t end at project completion. We offer ongoing support and optimization to keep your software aligned with your needs.</div></div></div></div></div></div><div class=\"px-5 md:px-10 xl:px-20 py-10 md:py-20 2xl:max-w-[1440px] 2xl:mx-auto 3xl:max-w-[1800px] 3xl:mx-auto\"><div class=\"bg-[url(/images/discuss-project-bg.svg)] bg-no-repeat bg-cover p-5 sm:p-10 md:p-16 3xl:p-20\"><div class=\"bg-white rounded-lg px-5 py-5 md:px-10 md:py-10 lg:px-20 lg:py-14 3xl:px-36 3xl:py-20\"><div class=\"flex flex-col lg:flex-row justify-between items-center\"><div><div class=\"text-2xl md:text-3xl lg:text-4xl xl:text-[3.438rem] xl:leading-[3.625rem] font-semibold text-center lg:text-left\">Discuss your project today</div><div class=\"mt-5 md:text-base text-neutral\">By contacting us, you&#x27;ve already started the project, and we&#x27;ll make sure it succeeds.</div></div><div class=\"mt-5 lg:mt-0\"><div class=\"bg-primaryYellow h-[4.375rem] rounded inline-block\"><a href=\"/contact-us\"><button class=\"border border-darkBlue md:text-[0.875rem] md:leading-[1.063rem] xl:text-[1rem] xl:leading-[4rem] bg-white h-[4.063rem] rounded  px-5 sm:px-11 font-bold hover:mt-[5px] transition-all duration-300 whitespace-nowrap\">GET A QUOTE NOW</button></a></div></div></div></div></div></div><div class=\"px-5 sm:px-7 md:px-10 lg:px-20 xl:px-32 lg:py-20 2xl:max-w-[1440px] 2xl:mx-auto 3xl:max-w-[1750px] 3xl:mx-auto\"><div><div class=\"flex md:justify-center items-center gap-2 text-primaryYellow text-base font-bold\"><svg width=\"12\" height=\"13\" viewBox=\"0 0 12 13\" fill=\"none\" xmlns=\"http://www.w3.org/2000/svg\"><circle cx=\"6\" cy=\"6.5\" r=\"6\" fill=\"#FCAF3D\"></circle></svg>Solutions</div><div class=\"text-4xl xl:text-[3.438rem] xl:leading-[3.625rem] font-semibold mt-5 md:text-center\">Bussiness task we have solved</div></div><div class=\"my-16\"><div class=\"flex flex-wrap gap-4 3xl:gap-1\"><div class=\"sm:w-[45%] md:w-[30%] 3xl:w-[24%] p-5 lg:p-10 3xl:p-7 shadow-[0_5px_50px_-15px_rgba(0,0,0,0.05)]\"><div class=\"font-semibold text-xl lg:text-[1.75rem]\">Enhanced Visibility</div><div class=\"md:text-base text-neutral mt-5\">We bolster your online visibility, ensuring active engagement in the digital landscape.</div></div><div class=\"sm:w-[45%] md:w-[30%] 3xl:w-[24%] p-5 lg:p-10 3xl:p-7 shadow-[0_5px_50px_-15px_rgba(0,0,0,0.05)]\"><div class=\"font-semibold text-xl lg:text-[1.75rem]\">Customer Engagement</div><div class=\"md:text-base text-neutral mt-5\">Our strategies foster customer loyalty and strengthen retention rates, driving repeat business.</div></div><div class=\"sm:w-[45%] md:w-[30%] 3xl:w-[24%] p-5 lg:p-10 3xl:p-7 shadow-[0_5px_50px_-15px_rgba(0,0,0,0.05)]\"><div class=\"font-semibold text-xl lg:text-[1.75rem]\">Expanded Reach</div><div class=\"md:text-base text-neutral mt-5\">We drive customer base expansion through targeted marketing and highly effective engagement strategies.</div></div><div class=\"sm:w-[45%] md:w-[30%] 3xl:w-[24%] p-5 lg:p-10 3xl:p-7 shadow-[0_5px_50px_-15px_rgba(0,0,0,0.05)]\"><div class=\"font-semibold text-xl lg:text-[1.75rem]\">Operational Efficiency</div><div class=\"md:text-base text-neutral mt-5\">Through meticulous process improvement and automation, we elevate operational efficiency and accuracy.</div></div><div class=\"sm:w-[45%] md:w-[30%] 3xl:w-[24%] p-5 lg:p-10 3xl:p-7 shadow-[0_5px_50px_-15px_rgba(0,0,0,0.05)]\"><div class=\"font-semibold text-xl lg:text-[1.75rem]\">Market Diversification</div><div class=\"md:text-base text-neutral mt-5\">Our dedicated efforts open doors to new markets and diverse revenue streams, promoting business growth</div></div><div class=\"sm:w-[45%] md:w-[30%] 3xl:w-[24%] p-5 lg:p-10 3xl:p-7 shadow-[0_5px_50px_-15px_rgba(0,0,0,0.05)]\"><div class=\"font-semibold text-xl lg:text-[1.75rem]\">Cost-Efficiency</div><div class=\"md:text-base text-neutral mt-5\">We pinpoint cost-saving opportunities and implement streamlined operations, optimizing efficiency.</div></div><div class=\"sm:w-[45%] md:w-[30%] 3xl:w-[24%] p-5 lg:p-10 3xl:p-7 shadow-[0_5px_50px_-15px_rgba(0,0,0,0.05)]\"><div class=\"font-semibold text-xl lg:text-[1.75rem]\">Revenue Uplift</div><div class=\"md:text-base text-neutral mt-5\">Our proven strategies lead to revenue increases, laying the foundation for sustainable business success.</div></div><div class=\"sm:w-[45%] md:w-[30%] 3xl:w-[24%] p-5 lg:p-10 3xl:p-7 shadow-[0_5px_50px_-15px_rgba(0,0,0,0.05)]\"><div class=\"font-semibold text-xl lg:text-[1.75rem]\">Unified Management</div><div class=\"md:text-base text-neutral mt-5\">We harmonize and consolidate management practices, ensuring uniformity and synergy.</div></div></div></div></div></section><section id=\"footer\" class=\"mt-auto\"><footer class=\"bg-darkBlue text-white\"><div class=\"mx-5 sm:mx-7 md:mx-10 xl:mx-20 3xl:max-w-[1700px] 3xl:mx-auto pt-7 md:pt-20\"><div class=\"flex flex-col gap-9 md:flex-row md:justify-between md:items-end\"><div class=\"md:hidden\"><div class=\"mb-8 font-bold text-lg\">NEWS LETTER</div><div><form><div class=\"bg-white rounded-full text-[13px] 3xl:w-[80%]\"><input type=\"email\" class=\"rounded-full w-[60%] py-4 px-6 focus:outline-0 text-black\" placeholder=\"Enter Email\" name=\"email\" value=\"\"/><button type=\"submit\" class=\"bg-primaryBlue hover:bg-[#009BCF] duration-300 font-bold rounded-full w-[40%] py-4\">SUBSCRIBE</button></div><div hidden=\"\" class=\"mt-5\" style=\"transform:scale(0.77);-webkit-transform:scale(0.77);transform-origin:0 0;-webkit-transform-origin:0 0\"></div><div class=\"mt-2\"></div></form></div><hr class=\"border-t-[#253450] mt-5\"/></div><div><img alt=\"logo\" src=\"/images/sandconsole-logo-white.svg\"/></div><div><div class=\"flex gap-3\"><a href=\"https://twitter.com/sandconsole\" target=\"_blank\"><div class=\"bg-[#132038] h-[3.125rem] w-[3.125rem] rounded-full hover:bg-primaryYellow duration-500\"><div><img src=\"/icons/twitter.svg\" alt=\"Twitter icons\" class=\"mx-auto pt-[40%] w-8 h-8\"/></div></div></a><a href=\"https://www.instagram.com/sandconsole/\" target=\"_blank\"><div class=\"bg-[#132038] h-[3.125rem] w-[3.125rem] rounded-full hover:bg-primaryYellow duration-500\"><div><img src=\"/icons/instagram.svg\" alt=\"Instagram icons\" class=\"mx-auto pt-[40%] w-8 h-8\"/></div></div></a><a href=\"https://www.linkedin.com/company/sandconsole\" target=\"_blank\"><div class=\"bg-[#132038] h-[3.125rem] w-[3.125rem] rounded-full hover:bg-primaryYellow duration-500\"><div><img src=\"/icons/linkedin.svg\" alt=\"LinkedIn icons\" class=\"mx-auto pt-[40%] w-8 h-8\"/></div></div></a></div></div></div><hr class=\"border-t-darkBlue md:border-t-[#253450] my-5 md:mt-10 md:mb-16\"/><div class=\"flex flex-col-reverse lg:flex-row gap-10 lg:gap-40 3xl:gap-60 \"><div class=\"flex flex-col gap-y-10 md:flex-row justify-between lg:w-[60%]\"><div><div class=\"mb-8 font-bold text-lg\">OUR COMPANY</div><a href=\"/about-us\"><div class=\"mb-3 text-[#A3A6AE] hover:text-white\">Our Story</div></a><a href=\"/blogs\"><div class=\"mb-3 text-[#A3A6AE] hover:text-white\">News &amp; Blog</div></a><a href=\"/services\"><div class=\"mb-3 text-[#A3A6AE] hover:text-white\">Services</div></a><a href=\"/career\"><div class=\"mb-3 text-[#A3A6AE] hover:text-white\">Careers</div></a><a href=\"/contact-us\"><div class=\"mb-3 text-[#A3A6AE] hover:text-white\">Contact Us</div></a></div><div><div class=\"mb-8 font-bold text-lg\">OUR SERVICES</div></div><div><div class=\"mb-8 font-bold text-lg\">CONTACT INFO</div><div class=\"mb-3 text-[#A3A6AE] hover:text-white\">Kathmandu, Nepal</div><div class=\"mb-3 text-[#A3A6AE] hover:text-white\">+977 9808853237</div><div class=\"mb-3 text-[#A3A6AE] hover:text-white\"><a href=\"/cdn-cgi/l/email-protection\" class=\"__cf_email__\" data-cfemail=\"751c1b131a3506141b11161a1b061a19105b161a18\">[email&#160;protected]</a></div><div class=\"mb-3 text-[#A3A6AE] hover:text-white\">Office Hours: 24/7 Open</div><div class=\"mb-3 text-[#A3A6AE] hover:text-white\">All Week Days</div></div></div><div class=\"hidden md:block md:w-[60%] lg:w-[40%]\"><div class=\"mb-8 font-bold text-lg\">NEWS LETTER</div><div><form><div class=\"bg-white rounded-full text-[13px] 3xl:w-[80%]\"><input type=\"email\" class=\"rounded-full w-[60%] py-4 px-6 focus:outline-0 text-black\" placeholder=\"Enter Email\" name=\"email\" value=\"\"/><button type=\"submit\" class=\"bg-primaryBlue hover:bg-[#009BCF] duration-300 font-bold rounded-full w-[40%] py-4\">SUBSCRIBE</button></div><div hidden=\"\" class=\"mt-5\" style=\"transform:scale(0.77);-webkit-transform:scale(0.77);transform-origin:0 0;-webkit-transform-origin:0 0\"></div><div class=\"mt-2\"></div></form></div></div></div><hr class=\"border-t-[#253450] mt-10\"/><div class=\"flex flex-col sm:flex-row text-center sm:text-left justify-center items-center md:justify-between gap-y-3 my-5\"><div>© <!-- -->2024<!-- --> Sand Console. All Rights Reserved.</div><button class=\"flex items-center gap-2\">Scroll Top<img src=\"/icons/arrow-up.svg\" alt=\"up arrow\" class=\"w-4 h-4 animate-bounce\"/></button></div></div><div class=\"flex h-2.5\"><div class=\"bg-primaryBlue w-1/4\"></div><div class=\"bg-primaryYellow w-1/4\"></div><div class=\"bg-primaryRed w-1/4\"></div><div class=\"bg-primaryGreen w-1/4\"></div></div></footer></section><script data-cfasync=\"false\" src=\"/cdn-cgi/scripts/5c5dd728/cloudflare-static/email-decode.min.js\"></script><script src=\"/_next/static/chunks/webpack-279946f22abecf03.js\" async=\"\"></script><script>(self.__next_f=self.__next_f||[]).push([0]);self.__next_f.push([2,null])</script><script>self.__next_f.push([1,\"1:HL[\\\\\"/_next/static/media/b4f46b1ccc361ec4-s.p.woff2\\\\\",\\\\\"font\\\\\",{\\\\\"crossOrigin\\\\\":\\\\\"\\\\\",\\\\\"type\\\\\":\\\\\"font/woff2\\\\\"}]\\\\n2:HL[\\\\\"/_next/static/css/9f8bf2b6d3080f7a.css\\\\\",\\\\\"style\\\\\"]\\\\n3:HL[\\\\\"/_next/static/css/7030bfc232391780.css\\\\\",\\\\\"style\\\\\"]\\\\n4:HL[\\\\\"/_next/static/css/ea8345fbbb84e9a9.css\\\\\",\\\\\"style\\\\\"]\\\\n\"])</script><script>self.__next_f.push([1,\"5:I[5751,[],\\\\\"\\\\\"]\\\\n7:I[5953,[\\\\\"142\\\\\",\\\\\"static/chunks/c857e369-21a5127650ff5840.js\\\\\",\\\\\"231\\\\\",\\\\\"static/chunks/231-8604d590a9181a67.js\\\\\",\\\\\"126\\\\\",\\\\\"static/chunks/126-44d6970558e5390d.js\\\\\",\\\\\"173\\\\\",\\\\\"static/chunks/173-50346524211d977e.js\\\\\",\\\\\"230\\\\\",\\\\\"static/chunks/230-e0d87e92f69e81f4.js\\\\\",\\\\\"682\\\\\",\\\\\"static/chunks/682-08a031f2454c52e3.js\\\\\",\\\\\"704\\\\\",\\\\\"static/chunks/704-0caa6e742d0e036f.js\\\\\",\\\\\"931\\\\\",\\\\\"static/chunks/app/page-55654388bef27266.js\\\\\"],\\\\\"default\\\\\"]\\\\n8:I[8173,[\\\\\"142\\\\\",\\\\\"static/chunks/c857e369-21a5127650ff5840.js\\\\\",\\\\\"231\\\\\",\\\\\"static/chunks/231-8604d590a9181a67.js\\\\\",\\\\\"126\\\\\",\\\\\"static/chunks/126-44d6970558e5390d.js\\\\\",\\\\\"173\\\\\",\\\\\"static/chunks/173-50346524211d977e.js\\\\\",\\\\\"230\\\\\",\\\\\"static/chunks/230-e0d87e92f69e81f4.js\\\\\",\\\\\"682\\\\\",\\\\\"static/chunks/682-08a031f2454c52e3.js\\\\\",\\\\\"704\\\\\",\\\\\"static/chunks/704-0caa6e742d0e036f.js\\\\\",\\\\\"931\\\\\",\\\\\"static/chunks/app/page-55654388bef27266.js\\\\\"],\\\\\"Image\\\\\"]\\\\n9:I[4539,[\\\\\"142\\\\\",\\\\\"static/chunks/c857e369-21a5127650ff5840.js\\\\\",\\\\\"231\\\\\",\\\\\"static/chunks/231-8604d590a9181a67.js\\\\\",\\\\\"126\\\\\",\\\\\"static/chunks/126-44d6970558e5390d.js\\\\\",\\\\\"173\\\\\",\\\\\"static/chunks/173-50346524211d977e.js\\\\\",\\\\\"230\\\\\",\\\\\"static/chunks/230-e0d87e92f69e81f4.js\\\\\",\\\\\"682\\\\\",\\\\\"static/chunks/682-08a031f2454c52e3.js\\\\\",\\\\\"704\\\\\",\\\\\"static/chunks/704-0caa6e742d0e036f.js\\\\\",\\\\\"931\\\\\",\\\\\"static/chunks/app/page-55654388bef27266.js\\\\\"],\\\\\"default\\\\\"]\\\\nb:I[8973,[\\\\\"142\\\\\",\\\\\"static/chunks/c857e369-21a5127650ff5840.js\\\\\",\\\\\"231\\\\\",\\\\\"static/chunks/231-8604d590a9181a67.js\\\\\",\\\\\"126\\\\\",\\\\\"static/chunks/126-44d6970558e5390d.js\\\\\",\\\\\"173\\\\\",\\\\\"static/chunks/173-50346524211d977e.js\\\\\",\\\\\"230\\\\\",\\\\\"static/chunks/230-e0d87e92f69e81f4.js\\\\\",\\\\\"682\\\\\",\\\\\"static/chunks/682-08a031f2454c52e3.js\\\\\",\\\\\"704\\\\\",\\\\\"static/chunks/704-0caa6e742d0e036f.js\\\\\",\\\\\"931\\\\\",\\\\\"static/chunks/app/page-55654388bef27266.js\\\\\"],\\\\\"default\\\\\"]\\\\nc:I[3146,[\\\\\"142\\\\\",\\\\\"static/chunks/c857e369-21a5127650ff5840.js\\\\\",\\\\\"231\\\\\",\\\\\"static/chunks/231-8604d590a9181a67.js\\\\\",\\\\\"126\\\\\",\\\\\"static/chunks/126-44d6970558e5390d.js\\\\\",\\\\\"173\\\\\",\\\\\"static/chunks/173-50346524211d977e.js\\\\\",\\\\\"230\\\\\",\\\\\"static/chunks/230-e0d87e92f69e81f4.js\\\\\",\\\\\"682\\\\\",\\\\\"static/chunks/682-08a031f2454c52e3.js\\\\\",\\\\\"704\\\\\",\\\\\"static/chunks/704-0caa6e742d0e036f.js\\\\\",\\\\\"931\\\\\",\\\\\"static/chunks/app/page-55654388bef27266.js\\\\\"],\\\\\"default\\\\\"]\\\\nd:I[7538,[\\\\\"142\\\\\",\\\\\"static/chunks/c85\"])</script><script>self.__next_f.push([1,\"7e369-21a5127650ff5840.js\\\\\",\\\\\"231\\\\\",\\\\\"static/chunks/231-8604d590a9181a67.js\\\\\",\\\\\"126\\\\\",\\\\\"static/chunks/126-44d6970558e5390d.js\\\\\",\\\\\"173\\\\\",\\\\\"static/chunks/173-50346524211d977e.js\\\\\",\\\\\"230\\\\\",\\\\\"static/chunks/230-e0d87e92f69e81f4.js\\\\\",\\\\\"682\\\\\",\\\\\"static/chunks/682-08a031f2454c52e3.js\\\\\",\\\\\"704\\\\\",\\\\\"static/chunks/704-0caa6e742d0e036f.js\\\\\",\\\\\"931\\\\\",\\\\\"static/chunks/app/page-55654388bef27266.js\\\\\"],\\\\\"default\\\\\"]\\\\ne:\\\\\"$Sreact.fragment\\\\\"\\\\nf:I[557,[\\\\\"142\\\\\",\\\\\"static/chunks/c857e369-21a5127650ff5840.js\\\\\",\\\\\"231\\\\\",\\\\\"static/chunks/231-8604d590a9181a67.js\\\\\",\\\\\"126\\\\\",\\\\\"static/chunks/126-44d6970558e5390d.js\\\\\",\\\\\"173\\\\\",\\\\\"static/chunks/173-50346524211d977e.js\\\\\",\\\\\"230\\\\\",\\\\\"static/chunks/230-e0d87e92f69e81f4.js\\\\\",\\\\\"682\\\\\",\\\\\"static/chunks/682-08a031f2454c52e3.js\\\\\",\\\\\"704\\\\\",\\\\\"static/chunks/704-0caa6e742d0e036f.js\\\\\",\\\\\"931\\\\\",\\\\\"static/chunks/app/page-55654388bef27266.js\\\\\"],\\\\\"default\\\\\"]\\\\n10:I[9082,[\\\\\"142\\\\\",\\\\\"static/chunks/c857e369-21a5127650ff5840.js\\\\\",\\\\\"231\\\\\",\\\\\"static/chunks/231-8604d590a9181a67.js\\\\\",\\\\\"126\\\\\",\\\\\"static/chunks/126-44d6970558e5390d.js\\\\\",\\\\\"173\\\\\",\\\\\"static/chunks/173-50346524211d977e.js\\\\\",\\\\\"230\\\\\",\\\\\"static/chunks/230-e0d87e92f69e81f4.js\\\\\",\\\\\"185\\\\\",\\\\\"static/chunks/app/layout-6e2b1aa15ee38943.js\\\\\"],\\\\\"default\\\\\"]\\\\n11:I[4206,[\\\\\"142\\\\\",\\\\\"static/chunks/c857e369-21a5127650ff5840.js\\\\\",\\\\\"231\\\\\",\\\\\"static/chunks/231-8604d590a9181a67.js\\\\\",\\\\\"126\\\\\",\\\\\"static/chunks/126-44d6970558e5390d.js\\\\\",\\\\\"173\\\\\",\\\\\"static/chunks/173-50346524211d977e.js\\\\\",\\\\\"230\\\\\",\\\\\"static/chunks/230-e0d87e92f69e81f4.js\\\\\",\\\\\"185\\\\\",\\\\\"static/chunks/app/layout-6e2b1aa15ee38943.js\\\\\"],\\\\\"default\\\\\"]\\\\n12:I[4375,[\\\\\"142\\\\\",\\\\\"static/chunks/c857e369-21a5127650ff5840.js\\\\\",\\\\\"231\\\\\",\\\\\"static/chunks/231-8604d590a9181a67.js\\\\\",\\\\\"126\\\\\",\\\\\"static/chunks/126-44d6970558e5390d.js\\\\\",\\\\\"173\\\\\",\\\\\"static/chunks/173-50346524211d977e.js\\\\\",\\\\\"230\\\\\",\\\\\"static/chunks/230-e0d87e92f69e81f4.js\\\\\",\\\\\"185\\\\\",\\\\\"static/chunks/app/layout-6e2b1aa15ee38943.js\\\\\"],\\\\\"default\\\\\"]\\\\n13:I[9275,[],\\\\\"\\\\\"]\\\\n14:I[2446,[\\\\\"601\\\\\",\\\\\"static/chunks/app/error-3b11d721cfeef486.js\\\\\"],\\\\\"default\\\\\"]\\\\n15:I[1343,[],\\\\\"\\\\\"]\\\\n16:I[2865,[\\\\\"173\\\\\",\\\\\"static/chunks/173-50346524211d977e.js\\\\\",\\\\\"160\\\\\",\\\\\"static/chunks/app/not-found-e18fb1e789e14e35.js\\\\\"],\\\\\"default\\\\\"]\\\\n19:I[6130,[],\\\\\"\\\\\"]\\\\n1a:[]\\\\n\"])</script><script>self.__next_f.push([1,\"0:[[[\\\\\"$\\\\\",\\\\\"link\\\\\",\\\\\"0\\\\\",{\\\\\"rel\\\\\":\\\\\"stylesheet\\\\\",\\\\\"href\\\\\":\\\\\"/_next/static/css/9f8bf2b6d3080f7a.css\\\\\",\\\\\"precedence\\\\\":\\\\\"next\\\\\",\\\\\"crossOrigin\\\\\":\\\\\"$undefined\\\\\"}],[\\\\\"$\\\\\",\\\\\"link\\\\\",\\\\\"1\\\\\",{\\\\\"rel\\\\\":\\\\\"stylesheet\\\\\",\\\\\"href\\\\\":\\\\\"/_next/static/css/7030bfc232391780.css\\\\\",\\\\\"precedence\\\\\":\\\\\"next\\\\\",\\\\\"crossOrigin\\\\\":\\\\\"$undefined\\\\\"}]],[\\\\\"$\\\\\",\\\\\"$L5\\\\\",null,{\\\\\"buildId\\\\\":\\\\\"MR5t_BHFqa3o8E07KBhz1\\\\\",\\\\\"assetPrefix\\\\\":\\\\\"\\\\\",\\\\\"initialCanonicalUrl\\\\\":\\\\\"/\\\\\",\\\\\"initialTree\\\\\":[\\\\\"\\\\\",{\\\\\"children\\\\\":[\\\\\"__PAGE__\\\\\",{}]},\\\\\"$undefined\\\\\",\\\\\"$undefined\\\\\",true],\\\\\"initialSeedData\\\\\":[\\\\\"\\\\\",{\\\\\"children\\\\\":[\\\\\"__PAGE__\\\\\",{},[[\\\\\"$L6\\\\\",[[\\\\\"$\\\\\",\\\\\"div\\\\\",null,{\\\\\"className\\\\\":\\\\\"bg-cover bg-[url(/images/hero-bg.webp)]\\\\\",\\\\\"children\\\\\":[[\\\\\"$\\\\\",\\\\\"div\\\\\",null,{\\\\\"className\\\\\":\\\\\"relative pt-10 flex flex-col-reverse gap-5 md:flex-row md:gap-0 items-center pl-5 pr-5 sm:pl-7 sm:pr-5 md:pl-10 md:pr-0 lg:pl-20 2xl:max-w-[1440px] 2xl:mx-auto \\\\\",\\\\\"children\\\\\":[[\\\\\"$\\\\\",\\\\\"div\\\\\",null,{\\\\\"className\\\\\":\\\\\"text-left md:w-[55%] lg:w-[57%] xl:w-[59%] 3xl:pt-20 z-[100]\\\\\",\\\\\"children\\\\\":[[\\\\\"$\\\\\",\\\\\"div\\\\\",null,{\\\\\"className\\\\\":\\\\\"text-3xl md:text-4xl lg:text-5xl xl:text-[4.375rem] xl:leading-[5rem] font-bold mb-4 \\\\\",\\\\\"children\\\\\":[[\\\\\"$\\\\\",\\\\\"span\\\\\",null,{\\\\\"className\\\\\":\\\\\"bg-[url(/icons/loop-yellow.svg)] bg-contain bg-no-repeat\\\\\",\\\\\"children\\\\\":\\\\\"Allow us t\\\\\"}],\\\\\"o handle your project from inception to completion\\\\\"]}],[\\\\\"$\\\\\",\\\\\"p\\\\\",null,{\\\\\"className\\\\\":\\\\\"text-base md:text-lg lg:text-xl md:w-[90%]\\\\\",\\\\\"children\\\\\":\\\\\"Experience your brand\\'s digital evolution with our comprehensive services, from initial concept to perpetual growth.\\\\\"}],[\\\\\"$\\\\\",\\\\\"div\\\\\",null,{\\\\\"className\\\\\":\\\\\"mt-16\\\\\",\\\\\"children\\\\\":[\\\\\"$\\\\\",\\\\\"$L7\\\\\",null,{}]}]]}],[\\\\\"$\\\\\",\\\\\"div\\\\\",null,{\\\\\"className\\\\\":\\\\\"md:absolute md:top-12 xl:top-16 md:right-0 xl:right-10 3xl:right-[-12%] \\\\\",\\\\\"children\\\\\":[\\\\\"$\\\\\",\\\\\"$L8\\\\\",null,{\\\\\"src\\\\\":{\\\\\"src\\\\\":\\\\\"/_next/static/media/grouped-hero-images.2c5eb347.webp\\\\\",\\\\\"height\\\\\":1547,\\\\\"width\\\\\":2596,\\\\\"blurDataURL\\\\\":\\\\\"data:image/webp;base64,UklGRoQAAABXRUJQVlA4WAoAAAAQAAAABwAABAAAQUxQSCkAAAAAACH6//z/0QAAEvv/+//TAGTB+P////9xqf//3MGa/+1TgYdXACyp2wBWUDggNAAAALABAJ0BKggABQACQDglnAACnVSMQ4AA/vZ5WuZzGSLVCndJYaj4xX59+FLJqLv+hY6BwAA=\\\\\",\\\\\"blurWidth\\\\\":8,\\\\\"blurHeight\\\\\":5},\\\\\"alt\\\\\":\\\\\"Hero\\\\\",\\\\\"priority\\\\\":true,\\\\\"className\\\\\":\\\\\"ml-auto md:w-[50%] xl:w-[36.824rem] 3xl:w-[53.388rem]\\\\\"}]}]]}],[\\\\\"$\\\\\",\\\\\"div\\\\\",null,{\\\\\"className\\\\\":\\\\\"pt-10 lg:pt-28 xl:pt-10 3xl:pt-40 px-5 lg:px-10 2xl:max-w-[1490px] 2xl:mx-auto \\\\\",\\\\\"children\\\\\":[\\\\\"$\\\\\",\\\\\"div\\\\\",null,{\\\\\"className\\\\\":\\\\\"md:flex md:gap-1\\\\\",\\\\\"children\\\\\":[[\\\\\"$\\\\\",\\\\\"div\\\\\",null,{\\\\\"className\\\\\":\\\\\"group flex md:w-1/3 py-5 pl-10 pr-4 bg-white border border-b-[5px] border-b-primaryBlue hover:bg-primaryBlue duration-300\\\\\",\\\\\"children\\\\\":[[\\\\\"$\\\\\",\\\\\"div\\\\\",null,{\\\\\"className\\\\\":\\\\\"w-[95%] pt-2 \\\\\",\\\\\"children\\\\\":[[\\\\\"$\\\\\",\\\\\"div\\\\\",null,{\\\\\"className\\\\\":\\\\\"text-2xl lg:text-[1.8rem] font-semibold group-hover:text-white\\\\\",\\\\\"children\\\\\":\\\\\"Custom Software\\\\\"}],[\\\\\"$\\\\\",\\\\\"div\\\\\",null,{\\\\\"className\\\\\":\\\\\"lg:text-base mt-3 text-neutral group-hover:text-white\\\\\",\\\\\"children\\\\\":\\\\\"Tailored Software Solutions for Unique Business Needs\\\\\"}]]}],[\\\\\"$\\\\\",\\\\\"div\\\\\",null,{\\\\\"className\\\\\":\\\\\"w-[5%]\\\\\",\\\\\"children\\\\\":[\\\\\"$\\\\\",\\\\\"svg\\\\\",null,{\\\\\"className\\\\\":\\\\\"ml-auto fill-darkBlue group-hover:fill-white group-hover:rotate-[42deg] duration-300\\\\\",\\\\\"width\\\\\":\\\\\"22\\\\\",\\\\\"height\\\\\":\\\\\"21\\\\\",\\\\\"viewBox\\\\\":\\\\\"0 0 22 21\\\\\",\\\\\"fill\\\\\":\\\\\"none\\\\\",\\\\\"xmlns\\\\\":\\\\\"http://www.w3.org/2000/svg\\\\\",\\\\\"children\\\\\":[\\\\\"$\\\\\",\\\\\"path\\\\\",null,{\\\\\"d\\\\\":\\\\\"M21.8624 2.04916C21.8896 1.49754 21.4644 1.02836 20.9128 1.00121L11.9237 0.558769C11.3721 0.531619 10.9029 0.956783 10.8757 1.5084C10.8486 2.06002 11.2737 2.5292 11.8253 2.55635L19.8157 2.94963L19.4224 10.94C19.3952 11.4916 19.8204 11.9608 20.372 11.9879C20.9236 12.0151 21.3928 11.5899 21.42 11.0383L21.8624 2.04916ZM1.67149 20.741L21.5351 2.74101L20.1921 1.25899L0.328509 19.259L1.67149 20.741Z\\\\\"}]}]}]]}],[\\\\\"$\\\\\",\\\\\"div\\\\\",null,{\\\\\"className\\\\\":\\\\\"group flex md:w-1/3 py-5 pl-10 pr-4 bg-white border border-b-[5px] border-b-primaryYellow hover:bg-primaryYellow duration-300\\\\\",\\\\\"children\\\\\":[[\\\\\"$\\\\\",\\\\\"div\\\\\",null,{\\\\\"className\\\\\":\\\\\"w-[95%] pt-2 \\\\\",\\\\\"children\\\\\":[[\\\\\"$\\\\\",\\\\\"div\\\\\",null,{\\\\\"className\\\\\":\\\\\"text-2xl lg:text-[1.8rem] font-semibold group-hover:text-white\\\\\",\\\\\"children\\\\\":\\\\\"Human-Centered Design\\\\\"}],[\\\\\"$\\\\\",\\\\\"div\\\\\",null,{\\\\\"className\\\\\":\\\\\"lg:text-base mt-3 text-neutral group-hover:text-white\\\\\",\\\\\"children\\\\\":\\\\\"Designing with People in Mind, Creating Exceptional Experiences\\\\\"}]]}],[\\\\\"$\\\\\",\\\\\"div\\\\\",null,{\\\\\"className\\\\\":\\\\\"w-[5%] \\\\\",\\\\\"children\\\\\":[\\\\\"$\\\\\",\\\\\"svg\\\\\",null,{\\\\\"className\\\\\":\\\\\"ml-auto fill-darkBlue group-hover:fill-white group-hover:rotate-[42deg] duration-300\\\\\",\\\\\"width\\\\\":\\\\\"22\\\\\",\\\\\"height\\\\\":\\\\\"21\\\\\",\\\\\"viewBox\\\\\":\\\\\"0 0 22 21\\\\\",\\\\\"fill\\\\\":\\\\\"none\\\\\",\\\\\"xmlns\\\\\":\\\\\"http://www.w3.org/2000/svg\\\\\",\\\\\"children\\\\\":[\\\\\"$\\\\\",\\\\\"path\\\\\",null,{\\\\\"d\\\\\":\\\\\"M21.8624 2.04916C21.8896 1.49754 21.4644 1.02836 20.9128 1.00121L11.9237 0.558769C11.3721 0.531619 10.9029 0.956783 10.8757 1.5084C10.8486 2.06002 11.2737 2.5292 11.8253 2.55635L19.8157 2.94963L19.4224 10.94C19.3952 11.4916 19.8204 11.9608 20.372 11.9879C20.9236 12.0151 21.3928 11.5899 21.42 11.0383L21.8624 2.04916ZM1.67149 20.741L21.5351 2.74101L20.1921 1.25899L0.328509 19.259L1.67149 20.741Z\\\\\"}]}]}]]}],[\\\\\"$\\\\\",\\\\\"div\\\\\",null,{\\\\\"className\\\\\":\\\\\"group flex gap-2 md:w-1/3 py-5 pl-10 pr-4 bg-white border border-b-[5px] border-b-primaryRed hover:bg-primaryRed duration-300\\\\\",\\\\\"children\\\\\":[[\\\\\"$\\\\\",\\\\\"div\\\\\",null,{\\\\\"className\\\\\":\\\\\"w-[95%] pt-2 \\\\\",\\\\\"children\\\\\":[[\\\\\"$\\\\\",\\\\\"div\\\\\",null,{\\\\\"className\\\\\":\\\\\"text-2xl lg:text-[1.8rem] font-semibold group-hover:text-white\\\\\",\\\\\"children\\\\\":\\\\\"Secure Enterprise Integration\\\\\"}],[\\\\\"$\\\\\",\\\\\"div\\\\\",null,{\\\\\"className\\\\\":\\\\\"lg:text-base mt-3 text-neutral group-hover:text-white\\\\\",\\\\\"children\\\\\":\\\\\"Seamlessly Connecting Systems with Robust Security\\\\\"}]]}],[\\\\\"$\\\\\",\\\\\"div\\\\\",null,{\\\\\"children\\\\\":[\\\\\"$\\\\\",\\\\\"svg\\\\\",null,{\\\\\"className\\\\\":\\\\\"ml-auto fill-darkBlue group-hover:fill-white group-hover:rotate-[42deg] duration-300\\\\\",\\\\\"width\\\\\":\\\\\"22\\\\\",\\\\\"height\\\\\":\\\\\"21\\\\\",\\\\\"viewBox\\\\\":\\\\\"0 0 22 21\\\\\",\\\\\"fill\\\\\":\\\\\"none\\\\\",\\\\\"xmlns\\\\\":\\\\\"http://www.w3.org/2000/svg\\\\\",\\\\\"children\\\\\":[\\\\\"$\\\\\",\\\\\"path\\\\\",null,{\\\\\"d\\\\\":\\\\\"M21.8624 2.04916C21.8896 1.49754 21.4644 1.02836 20.9128 1.00121L11.9237 0.558769C11.3721 0.531619 10.9029 0.956783 10.8757 1.5084C10.8486 2.06002 11.2737 2.5292 11.8253 2.55635L19.8157 2.94963L19.4224 10.94C19.3952 11.4916 19.8204 11.9608 20.372 11.9879C20.9236 12.0151 21.3928 11.5899 21.42 11.0383L21.8624 2.04916ZM1.67149 20.741L21.5351 2.74101L20.1921 1.25899L0.328509 19.259L1.67149 20.741Z\\\\\"}]}]}]]}]]}]}]]}],[\\\\\"$\\\\\",\\\\\"div\\\\\",null,{\\\\\"className\\\\\":\\\\\"bg-darkBlue text-white pb-[18.5rem]\\\\\",\\\\\"children\\\\\":[\\\\\"$\\\\\",\\\\\"div\\\\\",null,{\\\\\"className\\\\\":\\\\\"relative px-5 sm:px-7 md:px-10 lg:px-14 xl:px-20 2xl:max-w-[1440px] 2xl:mx-auto\\\\\",\\\\\"children\\\\\":[[\\\\\"$\\\\\",\\\\\"div\\\\\",null,{\\\\\"className\\\\\":\\\\\"flex flex-col-reverse md:flex-row items-center xl:pl-16 py-10 md:py-20 lg:py-24 xl:py-32 gap-14\\\\\",\\\\\"children\\\\\":[[\\\\\"$\\\\\",\\\\\"div\\\\\",null,{\\\\\"className\\\\\":\\\\\"md:w-1/2\\\\\",\\\\\"children\\\\\":[\\\\\"$\\\\\",\\\\\"div\\\\\",null,{\\\\\"children\\\\\":[\\\\\"$\\\\\",\\\\\"img\\\\\",null,{\\\\\"src\\\\\":\\\\\"/images/30.svg\\\\\",\\\\\"alt\\\\\":\\\\\"number\\\\\",\\\\\"loading\\\\\":\\\\\"lazy\\\\\"}]}]}],[\\\\\"$\\\\\",\\\\\"div\\\\\",null,{\\\\\"className\\\\\":\\\\\"md:w-1/2\\\\\",\\\\\"children\\\\\":[[\\\\\"$\\\\\",\\\\\"div\\\\\",null,{\\\\\"className\\\\\":\\\\\"flex items-center gap-2 text-primaryYellow text-base font-bold\\\\\",\\\\\"children\\\\\":[[\\\\\"$\\\\\",\\\\\"svg\\\\\",null,{\\\\\"width\\\\\":\\\\\"12\\\\\",\\\\\"height\\\\\":\\\\\"13\\\\\",\\\\\"viewBox\\\\\":\\\\\"0 0 12 13\\\\\",\\\\\"fill\\\\\":\\\\\"none\\\\\",\\\\\"xmlns\\\\\":\\\\\"http://www.w3.org/2000/svg\\\\\",\\\\\"children\\\\\":[\\\\\"$\\\\\",\\\\\"circle\\\\\",null,{\\\\\"cx\\\\\":\\\\\"6\\\\\",\\\\\"cy\\\\\":\\\\\"6.5\\\\\",\\\\\"r\\\\\":\\\\\"6\\\\\",\\\\\"fill\\\\\":\\\\\"#FCAF3D\\\\\"}]}],\\\\\"About us\\\\\"]}],[\\\\\"$\\\\\",\\\\\"div\\\\\",null,{\\\\\"className\\\\\":\\\\\"text-4xl xl:text-[3.438rem] xl:leading-[3.625rem] font-semibold mt-5\\\\\",\\\\\"children\\\\\":[\\\\\"Years of combined ex\\\\\",[\\\\\"$\\\\\",\\\\\"span\\\\\",null,{\\\\\"className\\\\\":\\\\\"bg-[url(/icons/loop-blue.svg)] bg-no-repeat bg-contain bg-center bg-origin-border\\\\\",\\\\\"children\\\\\":\\\\\"perienc\\\\\"}],\\\\\"e in this business field\\\\\"]}],[\\\\\"$\\\\\",\\\\\"div\\\\\",null,{\\\\\"className\\\\\":\\\\\"mt-9 text-base text-[#D6D6D6]\\\\\",\\\\\"children\\\\\":[\\\\\"Sand Console is one of the innovative and fastest growing software\\\\\",\\\\\" \\\\\",[\\\\\"$\\\\\",\\\\\"br\\\\\",null,{}],\\\\\"company based in Kathmandu, Nepal with a bunch of dedicated expertise. \\\\\",[\\\\\"$\\\\\",\\\\\"br\\\\\",null,{}],\\\\\" Our company provides best possible IT solutions to our clients that \\\\\",[\\\\\"$\\\\\",\\\\\"br\\\\\",null,{}],\\\\\" empower their business needs.\\\\\"]}]]}]]}],[\\\\\"$\\\\\",\\\\\"div\\\\\",null,{\\\\\"className\\\\\":\\\\\"absolute left-0 md:left-auto md:w-[90%] xl:max-w-[1280px]\\\\\",\\\\\"children\\\\\":[\\\\\"$\\\\\",\\\\\"$L9\\\\\",null,{}]}]]}]}],\\\\\"$La\\\\\",[\\\\\"$\\\\\",\\\\\"div\\\\\",null,{\\\\\"className\\\\\":\\\\\"bg-bgLight \\\\\",\\\\\"children\\\\\":[\\\\\"$\\\\\",\\\\\"div\\\\\",null,{\\\\\"className\\\\\":\\\\\"py-12 px-5 md:px-14 2xl:max-w-[1490px] 2xl:mx-auto \\\\\",\\\\\"children\\\\\":[[\\\\\"$\\\\\",\\\\\"div\\\\\",null,{\\\\\"className\\\\\":\\\\\"flex flex-col sm:flex-row justify-between sm:items-center md:px-10\\\\\",\\\\\"children\\\\\":[[\\\\\"$\\\\\",\\\\\"div\\\\\",null,{\\\\\"children\\\\\":[[\\\\\"$\\\\\",\\\\\"div\\\\\",null,{\\\\\"className\\\\\":\\\\\"flex items-center gap-2 text-primaryYellow text-base font-bold\\\\\",\\\\\"children\\\\\":[[\\\\\"$\\\\\",\\\\\"svg\\\\\",null,{\\\\\"width\\\\\":\\\\\"12\\\\\",\\\\\"height\\\\\":\\\\\"13\\\\\",\\\\\"viewBox\\\\\":\\\\\"0 0 12 13\\\\\",\\\\\"fill\\\\\":\\\\\"none\\\\\",\\\\\"xmlns\\\\\":\\\\\"http://www.w3.org/2000/svg\\\\\",\\\\\"children\\\\\":[\\\\\"$\\\\\",\\\\\"circle\\\\\",null,{\\\\\"cx\\\\\":\\\\\"6\\\\\",\\\\\"cy\\\\\":\\\\\"6.5\\\\\",\\\\\"r\\\\\":\\\\\"6\\\\\",\\\\\"fill\\\\\":\\\\\"#FCAF3D\\\\\"}]}],\\\\\"Our Services\\\\\"]}],[\\\\\"$\\\\\",\\\\\"div\\\\\",null,{\\\\\"className\\\\\":\\\\\"text-4xl lg:text-5xl xl:text-[3.438rem] xl:leading-[3.625rem] font-semibold mt-5\\\\\",\\\\\"children\\\\\":[\\\\\"Covering\\\\\",\\\\\" \\\\\",[\\\\\"$\\\\\",\\\\\"span\\\\\",null,{\\\\\"className\\\\\":\\\\\"bg-[url(/icons/loop-blue.svg)] bg-contain bg-no-repeat bg-center\\\\\",\\\\\"children\\\\\":\\\\\"all fields\\\\\"}]]}]]}],[\\\\\"$\\\\\",\\\\\"div\\\\\",null,{\\\\\"className\\\\\":\\\\\"mt-5\\\\\",\\\\\"children\\\\\":[\\\\\"$\\\\\",\\\\\"$Lb\\\\\",null,{}]}]]}],[\\\\\"$\\\\\",\\\\\"div\\\\\",null,{\\\\\"className\\\\\":\\\\\"mt-16\\\\\",\\\\\"children\\\\\":[\\\\\"$\\\\\",\\\\\"$Lc\\\\\",null,{}]}]]}]}],[\\\\\"$\\\\\",\\\\\"div\\\\\",null,{\\\\\"className\\\\\":\\\\\"bg-darkBlue text-white\\\\\",\\\\\"children\\\\\":[\\\\\"$\\\\\",\\\\\"div\\\\\",null,{\\\\\"className\\\\\":\\\\\"px-5 sm:px-7 md:px-10 lg:px-14 xl:px-20 py-7 2xl:max-w-[1440px] 2xl:mx-auto\\\\\",\\\\\"children\\\\\":[[\\\\\"$\\\\\",\\\\\"div\\\\\",null,{\\\\\"className\\\\\":\\\\\"text-3xl md:text-4xl lg:text-5xl xl:text-[3.438rem] xl:leading-[3.625rem] font-semibold mt-5 lg:w-2/3 xl:w-1/2\\\\\",\\\\\"children\\\\\":[\\\\\"Get an Projec\\\\\",[\\\\\"$\\\\\",\\\\\"span\\\\\",null,{\\\\\"className\\\\\":\\\\\"bg-[url(/icons/loop-yellow.svg)] bg-contain bg-no-repeat bg-center\\\\\",\\\\\"children\\\\\":\\\\\"t Quote to\\\\\"}],\\\\\" \\\\\",\\\\\"get started!\\\\\"]}],[\\\\\"$\\\\\",\\\\\"div\\\\\",null,{\\\\\"className\\\\\":\\\\\"sm:flex sm:justify-between mt-7\\\\\",\\\\\"children\\\\\":[[\\\\\"$\\\\\",\\\\\"div\\\\\",null,{\\\\\"className\\\\\":\\\\\"sm:w-[75%]\\\\\",\\\\\"children\\\\\":[\\\\\"$\\\\\",\\\\\"$Ld\\\\\",null,{}]}],[\\\\\"$\\\\\",\\\\\"div\\\\\",null,{\\\\\"className\\\\\":\\\\\"mt-10 md:mt-4 md:ml-auto sm:w-[14.063rem]\\\\\",\\\\\"children\\\\\":[\\\\\"$\\\\\",\\\\\"div\\\\\",null,{\\\\\"className\\\\\":\\\\\"text-base font-medium\\\\\",\\\\\"children\\\\\":[[\\\\\"$\\\\\",\\\\\"div\\\\\",null,{\\\\\"children\\\\\":\\\\\"Phone Call\\\\\"}],[\\\\\"$\\\\\",\\\\\"div\\\\\",null,{\\\\\"className\\\\\":\\\\\"text-[#AAA1A1] hover:text-white mt-2\\\\\",\\\\\"children\\\\\":[\\\\\"$\\\\\",\\\\\"a\\\\\",null,{\\\\\"href\\\\\":\\\\\"https://wa.me/9808853237\\\\\",\\\\\"target\\\\\":\\\\\"_blank\\\\\",\\\\\"children\\\\\":\\\\\"+977 9808853237\\\\\"}]}],[\\\\\"$\\\\\",\\\\\"hr\\\\\",null,{\\\\\"className\\\\\":\\\\\"my-6\\\\\"}],[\\\\\"$\\\\\",\\\\\"div\\\\\",null,{\\\\\"className\\\\\":\\\\\"mt-6\\\\\",\\\\\"children\\\\\":\\\\\"Mail:\\\\\"}],[\\\\\"$\\\\\",\\\\\"div\\\\\",null,{\\\\\"className\\\\\":\\\\\"mt-2\\\\\",\\\\\"children\\\\\":\\\\\"info@sandconsole.com\\\\\"}],[\\\\\"$\\\\\",\\\\\"div\\\\\",null,{\\\\\"className\\\\\":\\\\\"mt-6\\\\\",\\\\\"children\\\\\":\\\\\"Loaction: \\\\\"}],[\\\\\"$\\\\\",\\\\\"div\\\\\",null,{\\\\\"className\\\\\":\\\\\"mt-2\\\\\",\\\\\"children\\\\\":\\\\\" Kathmandu, Nepal\\\\\"}]]}]}]]}]]}]}],[\\\\\"$\\\\\",\\\\\"div\\\\\",null,{\\\\\"className\\\\\":\\\\\"bg-cover bg-center bg-no-repeat bg-[url(/images/hero-bg.webp)]\\\\\",\\\\\"children\\\\\":[\\\\\"$\\\\\",\\\\\"div\\\\\",null,{\\\\\"className\\\\\":\\\\\"px-5 md:px-10 xl:px-20 py-20 2xl:max-w-[1440px] 2xl:mx-auto\\\\\",\\\\\"children\\\\\":[[\\\\\"$\\\\\",\\\\\"div\\\\\",null,{\\\\\"className\\\\\":\\\\\"flex md:justify-center items-center gap-2 text-primaryYellow text-base font-bold\\\\\",\\\\\"children\\\\\":[[\\\\\"$\\\\\",\\\\\"svg\\\\\",null,{\\\\\"width\\\\\":\\\\\"12\\\\\",\\\\\"height\\\\\":\\\\\"13\\\\\",\\\\\"viewBox\\\\\":\\\\\"0 0 12 13\\\\\",\\\\\"fill\\\\\":\\\\\"none\\\\\",\\\\\"xmlns\\\\\":\\\\\"http://www.w3.org/2000/svg\\\\\",\\\\\"children\\\\\":[\\\\\"$\\\\\",\\\\\"circle\\\\\",null,{\\\\\"cx\\\\\":\\\\\"6\\\\\",\\\\\"cy\\\\\":\\\\\"6.5\\\\\",\\\\\"r\\\\\":\\\\\"6\\\\\",\\\\\"fill\\\\\":\\\\\"#FCAF3D\\\\\"}]}],\\\\\"How we work\\\\\"]}],[\\\\\"$\\\\\",\\\\\"div\\\\\",null,{\\\\\"className\\\\\":\\\\\"text-4xl lg:text-5xl xl:text-[3.438rem] xl:leading-[3.625rem] font-semibold mt-5 md:text-center\\\\\",\\\\\"children\\\\\":[\\\\\"We complete every steps c\\\\\",[\\\\\"$\\\\\",\\\\\"span\\\\\",null,{\\\\\"className\\\\\":\\\\\"bg-[url(/icons/loop-blue.svg)] bg-no-repeat bg-contain bg-center\\\\\",\\\\\"children\\\\\":[\\\\\"arefully\\\\\",\\\\\" \\\\\"]}],[\\\\\"$\\\\\",\\\\\"span\\\\\",null,{\\\\\"className\\\\\":\\\\\"text-transparent\\\\\",\\\\\"children\\\\\":\\\\\"a\\\\\"}],\\\\\" \\\\\"]}],[\\\\\"$\\\\\",\\\\\"div\\\\\",null,{\\\\\"className\\\\\":\\\\\"mt-20\\\\\",\\\\\"children\\\\\":[\\\\\"$\\\\\",\\\\\"div\\\\\",null,{\\\\\"className\\\\\":\\\\\"relative flex flex-wrap gap-y-12 text-left\\\\\",\\\\\"children\\\\\":[[\\\\\"$\\\\\",\\\\\"$e\\\\\",\\\\\"01\\\\\",{\\\\\"children\\\\\":[[\\\\\"$\\\\\",\\\\\"div\\\\\",null,{\\\\\"className\\\\\":\\\\\"border border-[#cbced3] sm:w-1/2 md:w-1/3 px-10 py-7 md:rounded-tl-xl\\\\\",\\\\\"children\\\\\":[[\\\\\"$\\\\\",\\\\\"div\\\\\",null,{\\\\\"className\\\\\":\\\\\"font-semibold text-sm\\\\\",\\\\\"children\\\\\":\\\\\"01\\\\\"}],[\\\\\"$\\\\\",\\\\\"div\\\\\",null,{\\\\\"className\\\\\":\\\\\"font-semibold text-[1.75rem]\\\\\",\\\\\"children\\\\\":\\\\\"Understanding Your Vision\\\\\"}],[\\\\\"$\\\\\",\\\\\"div\\\\\",null,{\\\\\"className\\\\\":\\\\\"text-base mt-2 opacity-70\\\\\",\\\\\"children\\\\\":\\\\\"Every project begins with a deep dive into your vision and objectives. We take the time to understand your unique needs, challenges, and goals.\\\\\"}]]}],[\\\\\"$\\\\\",\\\\\"img\\\\\",null,{\\\\\"alt\\\\\":\\\\\"icon\\\\\",\\\\\"src\\\\\":\\\\\"/icons/right-arrow-icon.svg\\\\\",\\\\\"className\\\\\":\\\\\"hidden md:block absolute top-[17%] left-[31.25%]\\\\\"}]]}],[\\\\\"$\\\\\",\\\\\"$e\\\\\",\\\\\"02\\\\\",{\\\\\"children\\\\\":[[\\\\\"$\\\\\",\\\\\"div\\\\\",null,{\\\\\"className\\\\\":\\\\\"border border-[#cbced3] sm:w-1/2 md:w-1/3 px-10 py-7 \\\\\",\\\\\"children\\\\\":[[\\\\\"$\\\\\",\\\\\"div\\\\\",null,{\\\\\"className\\\\\":\\\\\"font-semibold text-sm\\\\\",\\\\\"children\\\\\":\\\\\"02\\\\\"}],[\\\\\"$\\\\\",\\\\\"div\\\\\",null,{\\\\\"className\\\\\":\\\\\"font-semibold text-[1.75rem]\\\\\",\\\\\"children\\\\\":\\\\\"Cloud Transformation\\\\\"}],[\\\\\"$\\\\\",\\\\\"div\\\\\",null,{\\\\\"className\\\\\":\\\\\"text-base mt-2 opacity-70\\\\\",\\\\\"children\\\\\":\\\\\"As cloud consultants, we design cost-efficient, future-proof solutions tailored to your evolving business needs\\\\\"}]]}],[\\\\\"$\\\\\",\\\\\"img\\\\\",null,{\\\\\"alt\\\\\":\\\\\"icon\\\\\",\\\\\"src\\\\\":\\\\\"/icons/right-arrow-icon.svg\\\\\",\\\\\"className\\\\\":\\\\\"hidden md:block absolute top-[17%] right-[31.25%]\\\\\"}]]}],[\\\\\"$\\\\\",\\\\\"$e\\\\\",\\\\\"03\\\\\",{\\\\\"children\\\\\":[[\\\\\"$\\\\\",\\\\\"div\\\\\",null,{\\\\\"className\\\\\":\\\\\"border border-[#cbced3] sm:w-1/2 md:w-1/3 px-10 py-7 md:rounded-tr-xl\\\\\",\\\\\"children\\\\\":[[\\\\\"$\\\\\",\\\\\"div\\\\\",null,{\\\\\"className\\\\\":\\\\\"font-semibold text-sm\\\\\",\\\\\"children\\\\\":\\\\\"03\\\\\"}],[\\\\\"$\\\\\",\\\\\"div\\\\\",null,{\\\\\"className\\\\\":\\\\\"font-semibold text-[1.75rem]\\\\\",\\\\\"children\\\\\":\\\\\"Strategy and Planning\\\\\"}],[\\\\\"$\\\\\",\\\\\"div\\\\\",null,{\\\\\"className\\\\\":\\\\\"text-base mt-2 opacity-70\\\\\",\\\\\"children\\\\\":\\\\\"Our expert team tailors a strategy to align with your long-term goals, establishing clear milestones and timelines.\\\\\"}]]}],false]}],[\\\\\"$\\\\\",\\\\\"$e\\\\\",\\\\\"04\\\\\",{\\\\\"children\\\\\":[[\\\\\"$\\\\\",\\\\\"div\\\\\",null,{\\\\\"className\\\\\":\\\\\"border border-[#cbced3] sm:w-1/2 md:w-1/3 px-10 py-7 md:rounded-bl-xl\\\\\",\\\\\"children\\\\\":[[\\\\\"$\\\\\",\\\\\"div\\\\\",null,{\\\\\"className\\\\\":\\\\\"font-semibold text-sm\\\\\",\\\\\"children\\\\\":\\\\\"04\\\\\"}],[\\\\\"$\\\\\",\\\\\"div\\\\\",null,{\\\\\"className\\\\\":\\\\\"font-semibold text-[1.75rem]\\\\\",\\\\\"children\\\\\":\\\\\"User-Centric Design\\\\\"}],[\\\\\"$\\\\\",\\\\\"div\\\\\",null,{\\\\\"className\\\\\":\\\\\"text-base mt-2 opacity-70\\\\\",\\\\\"children\\\\\":\\\\\"Exceptional user experiences are key. Our design masters create intuitive UI/UX, prioritizing user needs for satisfaction.\\\\\"}]]}],[\\\\\"$\\\\\",\\\\\"img\\\\\",null,{\\\\\"alt\\\\\":\\\\\"icon\\\\\",\\\\\"src\\\\\":\\\\\"/icons/right-arrow-icon.svg\\\\\",\\\\\"className\\\\\":\\\\\"hidden md:block absolute bottom-[17%] left-[31.25%]\\\\\"}]]}],[\\\\\"$\\\\\",\\\\\"$e\\\\\",\\\\\"05\\\\\",{\\\\\"children\\\\\":[[\\\\\"$\\\\\",\\\\\"div\\\\\",null,{\\\\\"className\\\\\":\\\\\"border border-[#cbced3] sm:w-1/2 md:w-1/3 px-10 py-7 \\\\\",\\\\\"children\\\\\":[[\\\\\"$\\\\\",\\\\\"div\\\\\",null,{\\\\\"className\\\\\":\\\\\"font-semibold text-sm\\\\\",\\\\\"children\\\\\":\\\\\"05\\\\\"}],[\\\\\"$\\\\\",\\\\\"div\\\\\",null,{\\\\\"className\\\\\":\\\\\"font-semibold text-[1.75rem]\\\\\",\\\\\"children\\\\\":\\\\\"Secure Integration\\\\\"}],[\\\\\"$\\\\\",\\\\\"div\\\\\",null,{\\\\\"className\\\\\":\\\\\"text-base mt-2 opacity-70\\\\\",\\\\\"children\\\\\":\\\\\"We prioritize secure and reliable integrations, utilizing modern tools for optimized workflows tailored to your organization.\\\\\"}]]}],[\\\\\"$\\\\\",\\\\\"img\\\\\",null,{\\\\\"alt\\\\\":\\\\\"icon\\\\\",\\\\\"src\\\\\":\\\\\"/icons/right-arrow-icon.svg\\\\\",\\\\\"className\\\\\":\\\\\"hidden md:block absolute bottom-[17%] right-[31.25%]\\\\\"}]]}],[\\\\\"$\\\\\",\\\\\"$e\\\\\",\\\\\"06\\\\\",{\\\\\"children\\\\\":[[\\\\\"$\\\\\",\\\\\"div\\\\\",null,{\\\\\"className\\\\\":\\\\\"border border-[#cbced3] sm:w-1/2 md:w-1/3 px-10 py-7 md:rounded-br-xl\\\\\",\\\\\"children\\\\\":[[\\\\\"$\\\\\",\\\\\"div\\\\\",null,{\\\\\"className\\\\\":\\\\\"font-semibold text-sm\\\\\",\\\\\"children\\\\\":\\\\\"06\\\\\"}],[\\\\\"$\\\\\",\\\\\"div\\\\\",null,{\\\\\"className\\\\\":\\\\\"font-semibold text-[1.75rem]\\\\\",\\\\\"children\\\\\":\\\\\"Ongoing Support\\\\\"}],[\\\\\"$\\\\\",\\\\\"div\\\\\",null,{\\\\\"className\\\\\":\\\\\"text-base mt-2 opacity-70\\\\\",\\\\\"children\\\\\":\\\\\"Our commitment doesn\\'t end at project completion. We offer ongoing support and optimization to keep your software aligned with your needs.\\\\\"}]]}],false]}]]}]}]]}]}],[\\\\\"$\\\\\",\\\\\"div\\\\\",null,{\\\\\"className\\\\\":\\\\\"px-5 md:px-10 xl:px-20 py-10 md:py-20 2xl:max-w-[1440px] 2xl:mx-auto 3xl:max-w-[1800px] 3xl:mx-auto\\\\\",\\\\\"children\\\\\":[\\\\\"$\\\\\",\\\\\"div\\\\\",null,{\\\\\"className\\\\\":\\\\\"bg-[url(/images/discuss-project-bg.svg)] bg-no-repeat bg-cover p-5 sm:p-10 md:p-16 3xl:p-20\\\\\"
[...]
\\\\"children\\\\\":\\\\\"Market Diversification\\\\\"}],[\\\\\"$\\\\\",\\\\\"div\\\\\",null,{\\\\\"className\\\\\":\\\\\"md:text-base text-neutral mt-5\\\\\",\\\\\"children\\\\\":\\\\\"Our dedicated efforts open doors to new markets and diverse revenue streams, promoting business growth\\\\\"}]]}],[\\\\\"$\\\\\",\\\\\"div\\\\\",\\\\\"6\\\\\",{\\\\\"className\\\\\":\\\\\"sm:w-[45%] md:w-[30%] 3xl:w-[24%] p-5 lg:p-10 3xl:p-7 shadow-[0_5px_50px_-15px_rgba(0,0,0,0.05)]\\\\\",\\\\\"children\\\\\":[[\\\\\"$\\\\\",\\\\\"div\\\\\",null,{\\\\\"className\\\\\":\\\\\"font-semibold text-xl lg:text-[1.75rem]\\\\\",\\\\\"children\\\\\":\\\\\"Cost-Efficiency\\\\\"}],[\\\\\"$\\\\\",\\\\\"div\\\\\",null,{\\\\\"className\\\\\":\\\\\"md:text-base text-neutral mt-5\\\\\",\\\\\"children\\\\\":\\\\\"We pinpoint cost-saving opportunities and implement streamlined operations, optimizing efficiency.\\\\\"}]]}],[\\\\\"$\\\\\",\\\\\"div\\\\\",\\\\\"7\\\\\",{\\\\\"className\\\\\":\\\\\"sm:w-[45%] md:w-[30%] 3xl:w-[24%] p-5 lg:p-10 3xl:p-7 shadow-[0_5px_50px_-15px_rgba(0,0,0,0.05)]\\\\\",\\\\\"children\\\\\":[[\\\\\"$\\\\\",\\\\\"div\\\\\",null,{\\\\\"className\\\\\":\\\\\"font-semibold text-xl lg:text-[1.75rem]\\\\\",\\\\\"children\\\\\":\\\\\"Revenue Uplift\\\\\"}],[\\\\\"$\\\\\",\\\\\"div\\\\\",null,{\\\\\"className\\\\\":\\\\\"md:text-base text-neutral mt-5\\\\\",\\\\\"children\\\\\":\\\\\"Our proven strategies lead to revenue increases, laying the foundation for sustainable business success.\\\\\"}]]}],[\\\\\"$\\\\\",\\\\\"div\\\\\",\\\\\"8\\\\\",{\\\\\"className\\\\\":\\\\\"sm:w-[45%] md:w-[30%] 3xl:w-[24%] p-5 lg:p-10 3xl:p-7 shadow-[0_5px_50px_-15px_rgba(0,0,0,0.05)]\\\\\",\\\\\"children\\\\\":[[\\\\\"$\\\\\",\\\\\"div\\\\\",null,{\\\\\"className\\\\\":\\\\\"font-semibold text-xl lg:text-[1.75rem]\\\\\",\\\\\"children\\\\\":\\\\\"Unified Management\\\\\"}],[\\\\\"$\\\\\",\\\\\"div\\\\\",null,{\\\\\"className\\\\\":\\\\\"md:text-base text-neutral mt-5\\\\\",\\\\\"children\\\\\":\\\\\"We harmonize and consolidate management practices, ensuring uniformity and synergy.\\\\\"}]]}]]}]}]]}]]],null],null]},[[\\\\\"$\\\\\",\\\\\"html\\\\\",null,{\\\\\"lang\\\\\":\\\\\"en\\\\\",\\\\\"children\\\\\":[null,[\\\\\"$\\\\\",\\\\\"body\\\\\",null,{\\\\\"className\\\\\":\\\\\"__className_dddaac antialiased flex flex-col min-h-screen\\\\\",\\\\\"children\\\\\":[\\\\\"$\\\\\",\\\\\"$L10\\\\\",null,{\\\\\"children\\\\\":[[\\\\\"$\\\\\",\\\\\"$L11\\\\\",null,{}],[\\\\\"$\\\\\",\\\\\"section\\\\\",null,{\\\\\"id\\\\\":\\\\\"header\\\\\",\\\\\"children\\\\\":[\\\\\"$\\\\\",\\\\\"$L12\\\\\",null,{}]}],[\\\\\"$\\\\\",\\\\\"section\\\\\",null,{\\\\\"id\\\\\":\\\\\"container\\\\\",\\\\\"children\\\\\":[\\\\\"$\\\\\",\\\\\"$L13\\\\\",null,{\\\\\"parallelRouterKey\\\\\":\\\\\"children\\\\\",\\\\\"segmentPath\\\\\":[\\\\\"children\\\\\"],\\\\\"error\\\\\":\\\\\"$14\\\\\",\\\\\"errorStyles\\\\\":[],\\\\\"errorScripts\\\\\":[],\\\\\"template\\\\\":[\\\\\"$\\\\\",\\\\\"$L15\\\\\",null,{}],\\\\\"templateStyles\\\\\":\\\\\"$undefined\\\\\",\\\\\"templateScripts\\\\\":\\\\\"$undefined\\\\\",\\\\\"notFound\\\\\":[[\\\\\"$\\\\\",\\\\\"div\\\\\",null,{\\\\\"className\\\\\":\\\\\" relative md:mb-3 mb-0  bg-darkBlue\\\\\",\\\\\"children\\\\\":[[\\\\\"$\\\\\",\\\\\"div\\\\\",null,{\\\\\"className\\\\\":\\\\\"bg-darkBlue md:pb-16  pt-10 md:h-[500px] grid place-content-center relative overflow-hidden\\\\\",\\\\\"children\\\\\":[[\\\\\"$\\\\\",\\\\\"$L8\\\\\",null,{\\\\\"src\\\\\":{\\\\\"src\\\\\":\\\\\"/_next/static/media/404-hero-bg.0fd85bff.png\\\\\",\\\\\"height\\\\\":832,\\\\\"width\\\\\":1920,\\\\\"blurDataURL\\\\\":\\\\\"data:image/png;base64,iVBORw0KGgoAAAANSUhEUgAAAAgAAAADCAQAAAAEwYbDAAAAG0lEQVR42mP4xwWGnFCaiwHO5ARBiAAnkipOAIIyGLiCD241AAAAAElFTkSuQmCC\\\\\",\\\\\"blurWidth\\\\\":8,\\\\\"blurHeight\\\\\":3},\\\\\"alt\\\\\":\\\\\"404 Hero Background\\\\\",\\\\\"className\\\\\":\\\\\"opacity-30 absolute inset-0 w-ful h-full\\\\\",\\\\\"priority\\\\\":true}],[\\\\\"$\\\\\",\\\\\"div\\\\\",null,{\\\\\"children\\\\\":[\\\\\"$\\\\\",\\\\\"div\\\\\",null,{\\\\\"className\\\\\":\\\\\"flex flex-col md:pb-10 items-center  relative justify-center \\\\\",\\\\\"children\\\\\":[[\\\\\"$\\\\\",\\\\\"img\\\\\",null,{\\\\\"src\\\\\":\\\\\"/icons/404.svg\\\\\",\\\\\"className\\\\\":\\\\\"scale-75\\\\\",\\\\\"alt\\\\\":\\\\\"404\\\\\"}],[\\\\\"$\\\\\",\\\\\"div\\\\\",null,{\\\\\"className\\\\\":\\\\\"absolute scale-75 grid place-content-center inset-0 w-full h-full \\\\\",\\\\\"children\\\\\":[\\\\\"$\\\\\",\\\\\"h2\\\\\",null,{\\\\\"className\\\\\":\\\\\"bg-darkBlue  text-[7vw] error-banner px-3 md:mb-10  md:text-[53px] tracking-widest w-fit text-orange-500\\\\\",\\\\\"children\\\\\":\\\\\"ERROR\\\\\"}]}]]}]}],[\\\\\"$\\\\\",\\\\\"section\\\\\",null,{\\\\\"className\\\\\":\\\\\"blurBg md:block hidden bg-skyBlue blur-2xl  h-28 max-w-3xl w-full mx-auto left-0 right-0 absolute top-0 opacity-20\\\\\"}],[\\\\\"$\\\\\",\\\\\"section\\\\\",null,{\\\\\"className\\\\\":\\\\\"blurBg md:block hidden bg-sky-500 blur-2xl  h-28 max-w-4xl -translate-x-14 w-full mx-auto left-0 right-0 absolute bottom-0 opacity-70\\\\\"}]]}],[\\\\\"$\\\\\",\\\\\"div\\\\\",null,{\\\\\"className\\\\\":\\\\\"w-full  left-0 right-0  justify-center flex  md:absolute   md:-bottom-40\\\\\",\\\\\"children\\\\\":[\\\\\"$\\\\\",\\\\\"$L16\\\\\",null,{\\\\\"Description\\\\\":\\\\\"We’re sorry, the page you have looked for does not exist in our website! Maybe go to our home page or try to use a search?\\\\\",\\\\\"Title\\\\\":\\\\\"Oops! Something went wrong\\\\\",\\\\\"buttonTitle\\\\\":\\\\\"Go to Home\\\\\",\\\\\"NotFound\\\\\":true}]}]]}],[\\\\\"$\\\\\",\\\\\"div\\\\\",null,{\\\\\"className\\\\\":\\\\\"h-48 md:block hidden w-full bg-white\\\\\"}]],\\\\\"notFoundStyles\\\\\":[],\\\\\"styles\\\\\":[[\\\\\"$\\\\\",\\\\\"link\\\\\",\\\\\"0\\\\\",{\\\\\"rel\\\\\":\\\\\"stylesheet\\\\\",\\\\\"href\\\\\":\\\\\"/_next/static/css/ea8345fbbb84e9a9.css\\\\\",\\\\\"precedence\\\\\":\\\\\"next\\\\\",\\\\\"crossOrigin\\\\\":\\\\\"$undefined\\\\\"}]]}]}],[\\\\\"$\\\\\",\\\\\"section\\\\\",null,{\\\\\"id\\\\\":\\\\\"footer\\\\\",\\\\\"className\\\\\":\\\\\"mt-auto\\\\\",\\\\\"children\\\\\":\\\\\"$L17\\\\\"}]]}]}]]}],null],null],\\\\\"couldBeIntercepted\\\\\":false,\\\\\"initialHead\\\\\":[false,\\\\\"$L18\\\\\"],\\\\\"globalErrorComponent\\\\\":\\\\\"$19\\\\\",\\\\\"missingSlots\\\\\":\\\\\"$W1a\\\\\"}]]\\\\n\"])</script><script>self.__next_f.push([1,\"18:[[\\\\\"$\\\\\",\\\\\"meta\\\\\",\\\\\"0\\\\\",{\\\\\"name\\\\\":\\\\\"viewport\\\\\",\\\\\"content\\\\\":\\\\\"width=device-width, initial-scale=1\\\\\"}],[\\\\\"$\\\\\",\\\\\"meta\\\\\",\\\\\"1\\\\\",{\\\\\"charSet\\\\\":\\\\\"utf-8\\\\\"}],[\\\\\"$\\\\\",\\\\\"title\\\\\",\\\\\"2\\\\\",{\\\\\"children\\\\\":\\\\\"Sand Console | Homepage\\\\\"}],[\\\\\"$\\\\\",\\\\\"meta\\\\\",\\\\\"3\\\\\",{\\\\\"name\\\\\":\\\\\"description\\\\\",\\\\\"content\\\\\":\\\\\"Sand Console creates innovative software that simplifies complex tasks and boosts productivity for developers, business leaders, and professionals.\\\\\"}],[\\\\\"$\\\\\",\\\\\"meta\\\\\",\\\\\"4\\\\\",{\\\\\"name\\\\\":\\\\\"application-name\\\\\",\\\\\"content\\\\\":\\\\\"Sand Console\\\\\"}],[\\\\\"$\\\\\",\\\\\"link\\\\\",\\\\\"5\\\\\",{\\\\\"rel\\\\\":\\\\\"author\\\\\",\\\\\"href\\\\\":\\\\\"https://sandconsole.com/about-us\\\\\"}],[\\\\\"$\\\\\",\\\\\"meta\\\\\",\\\\\"6\\\\\",{\\\\\"name\\\\\":\\\\\"author\\\\\",\\\\\"content\\\\\":\\\\\"Sand Console Team\\\\\"}],[\\\\\"$\\\\\",\\\\\"meta\\\\\",\\\\\"7\\\\\",{\\\\\"name\\\\\":\\\\\"keywords\\\\\",\\\\\"content\\\\\":\\\\\"Software Development,PiQSuite,piqsuite,web development,mobile development,trading\\\\\"}],[\\\\\"$\\\\\",\\\\\"meta\\\\\",\\\\\"8\\\\\",{\\\\\"name\\\\\":\\\\\"creator\\\\\",\\\\\"content\\\\\":\\\\\"Sand Console Team\\\\\"}],[\\\\\"$\\\\\",\\\\\"meta\\\\\",\\\\\"9\\\\\",{\\\\\"name\\\\\":\\\\\"publisher\\\\\",\\\\\"content\\\\\":\\\\\"Sand Console\\\\\"}],[\\\\\"$\\\\\",\\\\\"meta\\\\\",\\\\\"10\\\\\",{\\\\\"name\\\\\":\\\\\"robots\\\\\",\\\\\"content\\\\\":\\\\\"index, follow\\\\\"}],[\\\\\"$\\\\\",\\\\\"meta\\\\\",\\\\\"11\\\\\",{\\\\\"property\\\\\":\\\\\"og:title\\\\\",\\\\\"content\\\\\":\\\\\"Sand Console | Homepage\\\\\"}],[\\\\\"$\\\\\",\\\\\"meta\\\\\",\\\\\"12\\\\\",{\\\\\"property\\\\\":\\\\\"og:description\\\\\",\\\\\"content\\\\\":\\\\\"Sand Console creates innovative software that simplifies complex tasks and boosts productivity for developers, business leaders, and professionals.\\\\\"}],[\\\\\"$\\\\\",\\\\\"meta\\\\\",\\\\\"13\\\\\",{\\\\\"property\\\\\":\\\\\"og:url\\\\\",\\\\\"content\\\\\":\\\\\"https://sandconsole.com\\\\\"}],[\\\\\"$\\\\\",\\\\\"meta\\\\\",\\\\\"14\\\\\",{\\\\\"property\\\\\":\\\\\"og:image\\\\\",\\\\\"content\\\\\":\\\\\"https://sandconsole.com/icons/wood-mark-logo.jpg\\\\\"}],[\\\\\"$\\\\\",\\\\\"meta\\\\\",\\\\\"15\\\\\",{\\\\\"property\\\\\":\\\\\"og:type\\\\\",\\\\\"content\\\\\":\\\\\"website\\\\\"}],[\\\\\"$\\\\\",\\\\\"meta\\\\\",\\\\\"16\\\\\",{\\\\\"name\\\\\":\\\\\"twitter:card\\\\\",\\\\\"content\\\\\":\\\\\"summary_large_image\\\\\"}],[\\\\\"$\\\\\",\\\\\"meta\\\\\",\\\\\"17\\\\\",{\\\\\"name\\\\\":\\\\\"twitter:site\\\\\",\\\\\"content\\\\\":\\\\\"https://sandconsole.com\\\\\"}],[\\\\\"$\\\\\",\\\\\"meta\\\\\",\\\\\"18\\\\\",{\\\\\"name\\\\\":\\\\\"twitter:title\\\\\",\\\\\"content\\\\\":\\\\\"Sand Console | Homepage\\\\\"}],[\\\\\"$\\\\\",\\\\\"meta\\\\\",\\\\\"19\\\\\",{\\\\\"name\\\\\":\\\\\"twitter:description\\\\\",\\\\\"content\\\\\":\\\\\"Sand Console creates innovative software that simplifies complex tasks and boosts productivity for developers, business leaders, and professionals.\\\\\"}],[\\\\\"$\\\\\",\\\\\"meta\\\\\",\\\\\"20\\\\\",{\\\\\"name\\\\\":\\\\\"twitter:image\\\\\",\\\\\"content\\\\\":\\\\\"https://sandconsole.com/icons/wood-mark-logo.jpg\\\\\"}],[\\\\\"$\\\\\",\\\\\"link\\\\\",\\\\\"21\\\\\",{\\\\\"rel\\\\\":\\\\\"icon\\\\\",\\\\\"href\\\\\":\\\\\"/favicon.ico\\\\\",\\\\\"type\\\\\":\\\\\"image/x-icon\\\\\",\\\\\"sizes\\\\\":\\\\\"16x23\\\\\"}],[\\\\\"$\\\\\",\\\\\"meta\\\\\",\\\\\"22\\\\\",{\\\\\"name\\\\\":\\\\\"next-size-adjust\\\\\"}]]\\\\n\"])</script><script>self.__next_f.push([1,\"6:null\\\\n\"])</script><script>self.__next_f.push([1,\"a:[\\\\\"$\\\\\",\\\\\"div\\\\\",null,{\\\\\"className\\\\\":\\\\\"bg-[url(/images/hero-bg.webp)] bg-center bg-cover bg-no-repeat pt-96 md:pt-80 pb-20\\\\\",\\\\\"children\\\\\":[\\\\\"$\\\\\",\\\\\"div\\\\\",null,{\\\\\"className\\\\\":\\\\\"px-5 lg:px-10 xl:px-28 2xl:max-w-[1440px] 2xl:mx-auto\\\\\",\\\\\"children\\\\\":[\\\\\"$\\\\\",\\\\\"div\\\\\",null,{\\\\\"className\\\\\":\\\\\"flex flex-wrap sm:flex-nowrap gap-y-10 justify-between items-center\\\\\",\\\\\"children\\\\\":\\\\\"$undefined\\\\\"}]}]}]\\\\n\"])</script><script>self.__next_f.push([1,\"1b:I[858,[\\\\\"142\\\\\",\\\\\"static/chunks/c857e369-21a5127650ff5840.js\\\\\",\\\\\"231\\\\\",\\\\\"static/chunks/231-8604d590a9181a67.js\\\\\",\\\\\"126\\\\\",\\\\\"static/chunks/126-44d6970558e5390d.js\\\\\",\\\\\"173\\\\\",\\\\\"static/chunks/173-50346524211d977e.js\\\\\",\\\\\"230\\\\\",\\\\\"static/chunks/230-e0d87e92f69e81f4.js\\\\\",\\\\\"185\\\\\",\\\\\"static/chunks/app/layout-6e2b1aa15ee38943.js\\\\\"],\\\\\"default\\\\\"]\\\\n1c:I[2172,[\\\\\"142\\\\\",\\\\\"static/chunks/c857e369-21a5127650ff5840.js\\\\\",\\\\\"231\\\\\",\\\\\"static/chunks/231-8604d590a9181a67.js\\\\\",\\\\\"126\\\\\",\\\\\"static/chunks/126-44d6970558e5390d.js\\\\\",\\\\\"173\\\\\",\\\\\"static/chunks/173-50346524211d977e.js\\\\\",\\\\\"230\\\\\",\\\\\"static/chunks/230-e0d87e92f69e81f4.js\\\\\",\\\\\"185\\\\\",\\\\\"static/chunks/app/layout-6e2b1aa15ee38943.js\\\\\"],\\\\\"default\\\\\"]\\\\n1d:I[231,[\\\\\"142\\\\\",\\\\\"static/chunks/c857e369-21a5127650ff5840.js\\\\\",\\\\\"231\\\\\",\\\\\"static/chunks/231-8604d590a9181a67.js\\\\\",\\\\\"126\\\\\",\\\\\"static/chunks/126-44d6970558e5390d.js\\\\\",\\\\\"173\\\\\",\\\\\"static/chunks/173-50346524211d977e.js\\\\\",\\\\\"230\\\\\",\\\\\"static/chunks/230-e0d87e92f69e81f4.js\\\\\",\\\\\"682\\\\\",\\\\\"static/chunks/682-08a031f2454c52e3.js\\\\\",\\\\\"704\\\\\",\\\\\"static/chunks/704-0caa6e742d0e036f.js\\\\\",\\\\\"931\\\\\",\\\\\"static/chunks/app/page-55654388bef27266.js\\\\\"],\\\\\"\\\\\"]\\\\n1e:I[8594,[\\\\\"142\\\\\",\\\\\"static/chunks/c857e369-21a5127650ff5840.js\\\\\",\\\\\"231\\\\\",\\\\\"static/chunks/231-8604d590a9181a67.js\\\\\",\\\\\"126\\\\\",\\\\\"static/chunks/126-44d6970558e5390d.js\\\\\",\\\\\"173\\\\\",\\\\\"static/chunks/173-50346524211d977e.js\\\\\",\\\\\"230\\\\\",\\\\\"static/chunks/230-e0d87e92f69e81f4.js\\\\\",\\\\\"185\\\\\",\\\\\"static/chunks/app/layout-6e2b1aa15ee38943.js\\\\\"],\\\\\"ScrollToTop\\\\\"]\\\\n\"])</script><script>self.__next_f.push([1,\"17:[\\\\\"$\\\\\",\\\\\"footer\\\\\",null,{\\\\\"className\\\\\":\\\\\"bg-darkBlue text-white\\\\\",\\\\\"children\\\\\":[[\\\\\"$\\\\\",\\\\\"div\\\\\",null,{\\\\\"className\\\\\":\\\\\"mx-5 sm:mx-7 md:mx-10 xl:mx-20 3xl:max-w-[1700px] 3xl:mx-auto pt-7 md:pt-20\\\\\",\\\\\"children\\\\\":[[\\\\\"$\\\\\",\\\\\"div\\\\\",null,{\\\\\"className\\\\\":\\\\\"flex flex-col gap-9 md:flex-row md:justify-between md:items-end\\\\\",\\\\\"children\\\\\":[[\\\\\"$\\\\\",\\\\\"div\\\\\",null,{\\\\\"className\\\\\":\\\\\"md:hidden\\\\\",\\\\\"children\\\\\":[[\\\\\"$\\\\\",\\\\\"div\\\\\",null,{\\\\\"className\\\\\":\\\\\"mb-8 font-bold text-lg\\\\\",\\\\\"children\\\\\":\\\\\"NEWS LETTER\\\\\"}],[\\\\\"$\\\\\",\\\\\"div\\\\\",null,{\\\\\"children\\\\\":[\\\\\"$\\\\\",\\\\\"$L1b\\\\\",null,{}]}],[\\\\\"$\\\\\",\\\\\"hr\\\\\",null,{\\\\\"className\\\\\":\\\\\"border-t-[#253450] mt-5\\\\\"}]]}],[\\\\\"$\\\\\",\\\\\"div\\\\\",null,{\\\\\"children\\\\\":[\\\\\"$\\\\\",\\\\\"img\\\\\",null,{\\\\\"alt\\\\\":\\\\\"logo\\\\\",\\\\\"src\\\\\":\\\\\"/images/sandconsole-logo-white.svg\\\\\"}]}],[\\\\\"$\\\\\",\\\\\"div\\\\\",null,{\\\\\"children\\\\\":[\\\\\"$\\\\\",\\\\\"$L1c\\\\\",null,{}]}]]}],[\\\\\"$\\\\\",\\\\\"hr\\\\\",null,{\\\\\"className\\\\\":\\\\\"border-t-darkBlue md:border-t-[#253450] my-5 md:mt-10 md:mb-16\\\\\"}],[\\\\\"$\\\\\",\\\\\"div\\\\\",null,{\\\\\"className\\\\\":\\\\\"flex flex-col-reverse lg:flex-row gap-10 lg:gap-40 3xl:gap-60 \\\\\",\\\\\"children\\\\\":[[\\\\\"$\\\\\",\\\\\"div\\\\\",null,{\\\\\"className\\\\\":\\\\\"flex flex-col gap-y-10 md:flex-row justify-between lg:w-[60%]\\\\\",\\\\\"children\\\\\":[[\\\\\"$\\\\\",\\\\\"div\\\\\",null,{\\\\\"children\\\\\":[[\\\\\"$\\\\\",\\\\\"div\\\\\",null,{\\\\\"className\\\\\":\\\\\"mb-8 font-bold text-lg\\\\\",\\\\\"children\\\\\":\\\\\"OUR COMPANY\\\\\"}],[[\\\\\"$\\\\\",\\\\\"$L1d\\\\\",\\\\\"1\\\\\",{\\\\\"href\\\\\":\\\\\"/about-us\\\\\",\\\\\"children\\\\\":[\\\\\"$\\\\\",\\\\\"div\\\\\",null,{\\\\\"className\\\\\":\\\\\"mb-3 text-[#A3A6AE] hover:text-white\\\\\",\\\\\"children\\\\\":\\\\\"Our Story\\\\\"}]}],[\\\\\"$\\\\\",\\\\\"$L1d\\\\\",\\\\\"2\\\\\",{\\\\\"href\\\\\":\\\\\"/blogs\\\\\",\\\\\"children\\\\\":[\\\\\"$\\\\\",\\\\\"div\\\\\",null,{\\\\\"className\\\\\":\\\\\"mb-3 text-[#A3A6AE] hover:text-white\\\\\",\\\\\"children\\\\\":\\\\\"News \\\\u0026 Blog\\\\\"}]}],[\\\\\"$\\\\\",\\\\\"$L1d\\\\\",\\\\\"3\\\\\",{\\\\\"href\\\\\":\\\\\"/services\\\\\",\\\\\"children\\\\\":[\\\\\"$\\\\\",\\\\\"div\\\\\",null,{\\\\\"className\\\\\":\\\\\"mb-3 text-[#A3A6AE] hover:text-white\\\\\",\\\\\"children\\\\\":\\\\\"Services\\\\\"}]}],[\\\\\"$\\\\\",\\\\\"$L1d\\\\\",\\\\\"4\\\\\",{\\\\\"href\\\\\":\\\\\"/career\\\\\",\\\\\"children\\\\\":[\\\\\"$\\\\\",\\\\\"div\\\\\",null,{\\\\\"className\\\\\":\\\\\"mb-3 text-[#A3A6AE] hover:text-white\\\\\",\\\\\"children\\\\\":\\\\\"Careers\\\\\"}]}],[\\\\\"$\\\\\",\\\\\"$L1d\\\\\",\\\\\"5\\\\\",{\\\\\"href\\\\\":\\\\\"/contact-us\\\\\",\\\\\"children\\\\\":[\\\\\"$\\\\\",\\\\\"div\\\\\",null,{\\\\\"className\\\\\":\\\\\"mb-3 text-[#A3A6AE] hover:text-white\\\\\",\\\\\"children\\\\\":\\\\\"Contact Us\\\\\"}]}]]]}],[\\\\\"$\\\\\",\\\\\"div\\\\\",null,{\\\\\"children\\\\\":[[\\\\\"$\\\\\",\\\\\"div\\\\\",null,{\\\\\"className\\\\\":\\\\\"mb-8 font-bold text-lg\\\\\",\\\\\"children\\\\\":\\\\\"OUR SERVICES\\\\\"}],[]]}],[\\\\\"$\\\\\",\\\\\"div\\\\\",null,{\\\\\"children\\\\\":[[\\\\\"$\\\\\",\\\\\"div\\\\\",null,{\\\\\"className\\\\\":\\\\\"mb-8 font-bold text-lg\\\\\",\\\\\"children\\\\\":\\\\\"CONTACT INFO\\\\\"}],[[\\\\\"$\\\\\",\\\\\"div\\\\\",\\\\\"0\\\\\",{\\\\\"className\\\\\":\\\\\"mb-3 text-[#A3A6AE] hover:text-white\\\\\",\\\\\"children\\\\\":\\\\\"Kathmandu, Nepal\\\\\"}],[\\\\\"$\\\\\",\\\\\"div\\\\\",\\\\\"1\\\\\",{\\\\\"className\\\\\":\\\\\"mb-3 text-[#A3A6AE] hover:text-white\\\\\",\\\\\"children\\\\\":\\\\\"+977 9808853237\\\\\"}],[\\\\\"$\\\\\",\\\\\"div\\\\\",\\\\\"2\\\\\",{\\\\\"className\\\\\":\\\\\"mb-3 text-[#A3A6AE] hover:text-white\\\\\",\\\\\"children\\\\\":\\\\\"info@sandconsole.com\\\\\"}],[\\\\\"$\\\\\",\\\\\"div\\\\\",\\\\\"3\\\\\",{\\\\\"className\\\\\":\\\\\"mb-3 text-[#A3A6AE] hover:text-white\\\\\",\\\\\"children\\\\\":\\\\\"Office Hours: 24/7 Open\\\\\"}],[\\\\\"$\\\\\",\\\\\"div\\\\\",\\\\\"4\\\\\",{\\\\\"className\\\\\":\\\\\"mb-3 text-[#A3A6AE] hover:text-white\\\\\",\\\\\"children\\\\\":\\\\\"All Week Days\\\\\"}]]]}]]}],[\\\\\"$\\\\\",\\\\\"div\\\\\",null,{\\\\\"className\\\\\":\\\\\"hidden md:block md:w-[60%] lg:w-[40%]\\\\\",\\\\\"children\\\\\":[[\\\\\"$\\\\\",\\\\\"div\\\\\",null,{\\\\\"className\\\\\":\\\\\"mb-8 font-bold text-lg\\\\\",\\\\\"children\\\\\":\\\\\"NEWS LETTER\\\\\"}],[\\\\\"$\\\\\",\\\\\"div\\\\\",null,{\\\\\"children\\\\\":[\\\\\"$\\\\\",\\\\\"$L1b\\\\\",null,{}]}]]}]]}],[\\\\\"$\\\\\",\\\\\"hr\\\\\",null,{\\\\\"className\\\\\":\\\\\"border-t-[#253450] mt-10\\\\\"}],[\\\\\"$\\\\\",\\\\\"div\\\\\",null,{\\\\\"className\\\\\":\\\\\"flex flex-col sm:flex-row text-center sm:text-left justify-center items-center md:justify-between gap-y-3 my-5\\\\\",\\\\\"children\\\\\":[[\\\\\"$\\\\\",\\\\\"div\\\\\",null,{\\\\\"children\\\\\":[\\\\\"© \\\\\",2024,\\\\\" Sand Console. All Rights Reserved.\\\\\"]}],[\\\\\"$\\\\\",\\\\\"$L1e\\\\\",null,{}]]}]]}],[\\\\\"$\\\\\",\\\\\"div\\\\\",null,{\\\\\"className\\\\\":\\\\\"flex h-2.5\\\\\",\\\\\"children\\\\\":[[\\\\\"$\\\\\",\\\\\"div\\\\\",null,{\\\\\"className\\\\\":\\\\\"bg-primaryBlue w-1/4\\\\\"}],[\\\\\"$\\\\\",\\\\\"div\\\\\",null,{\\\\\"className\\\\\":\\\\\"bg-primaryYellow w-1/4\\\\\"}],[\\\\\"$\\\\\",\\\\\"div\\\\\",null,{\\\\\"className\\\\\":\\\\\"bg-primaryRed w-1/4\\\\\"}],[\\\\\"$\\\\\",\\\\\"div\\\\\",null,{\\\\\"className\\\\\":\\\\\"bg-primaryGreen w-1/4\\\\\"}]]}]]}]\\\\n\"])</script></body></html>' to have property 'success'\n    at Context.eval (webpack://cypress/./cypress/e2e/apitest.cy.js:23:42)",
                "diff": null
              },
              "uuid": "2e7525cb-6e2f-4573-bd3c-54389898f6d1",
              "parentUUID": "54d710e0-e0a8-4050-916c-95935dc318db",
              "isHook": false,
              "skipped": false
            }
          ],
          "suites": [],
          "passes": [],
          "failures": [
            "2e7525cb-6e2f-4573-bd3c-54389898f6d1"
          ],
          "pending": [],
          "skipped": [],
          "duration": 29887,
          "root": false,
          "rootEmpty": false,
          "_timeout": 2000
        }
      ],
      "passes": [],
      "failures": [],
      "pending": [],
      "skipped": [],
      "duration": 0,
      "root": true,
      "rootEmpty": true,
      "_timeout": 2000
    }
  ],
  "meta": {
    "mocha": {
      "version": "7.0.1"
    },
    "mochawesome": {
      "options": {
        "quiet": false,
        "reportFilename": "mochawesome",
        "saveHtml": false,
        "saveJson": true,
        "consoleReporter": "spec",
        "useInlineDiffs": false,
        "code": true
      },
      "version": "7.1.3"
    },
    "marge": {
      "options": {
        "overwrite": false,
        "html": false,
        "json": true,
        "reportDir": "cypress/reports/html/.jsons"
      },
      "version": "6.2.0"
    }
  }
}